This file contains any messages produced by compilers while
running configure, to aid debugging if configure makes a mistake.

It was created by pinot configure 1.05, which was
generated by GNU Autoconf 2.68.  Invocation command line was

  $ ./configure --prefix=/home/Pinot/.App/ioPinot1.05-Debian7/Linux-ia32

## --------- ##
## Platform. ##
## --------- ##

hostname = linux-desktop
uname -m = i686
uname -r = 2.6.32-46-generic-pae
uname -s = Linux
uname -v = #107-Ubuntu SMP Fri Mar 22 19:56:07 UTC 2013

/usr/bin/uname -p = unknown
/bin/uname -X     = unknown

/bin/arch              = unknown
/usr/bin/arch -k       = unknown
/usr/convex/getsysinfo = unknown
/usr/bin/hostinfo      = unknown
/bin/machine           = unknown
/usr/bin/oslevel       = unknown
/bin/universe          = unknown

PATH: /root
PATH: /home/linux
PATH: /root
PATH: /usr/local/sbin
PATH: /usr/local/bin
PATH: /usr/sbin
PATH: /usr/bin
PATH: /sbin
PATH: /bin
PATH: /usr/games


## ----------- ##
## Core tests. ##
## ----------- ##

configure:2729: checking for a BSD-compatible install
configure:2797: result: /usr/bin/install -c
configure:2808: checking whether build environment is sane
configure:2858: result: yes
configure:2999: checking for a thread-safe mkdir -p
configure:3038: result: /bin/mkdir -p
configure:3051: checking for gawk
configure:3067: found /usr/bin/gawk
configure:3078: result: gawk
configure:3089: checking whether make sets $(MAKE)
configure:3111: result: yes
configure:3206: checking for style of include used by make
configure:3234: result: GNU
configure:3305: checking for gcc
configure:3321: found /usr/bin/gcc
configure:3332: result: gcc
configure:3561: checking for C compiler version
configure:3570: gcc --version >&5
gcc-4.7.real (Debian 4.7.2-5) 4.7.2
Copyright (C) 2012 Free Software Foundation, Inc.
This is free software; see the source for copying conditions.  There is NO
warranty; not even for MERCHANTABILITY or FITNESS FOR A PARTICULAR PURPOSE.

configure:3581: $? = 0
configure:3570: gcc -v >&5
Using built-in specs.
COLLECT_GCC=/usr/bin/gcc-4.7.real
COLLECT_LTO_WRAPPER=/usr/lib/gcc/i486-linux-gnu/4.7/lto-wrapper
Target: i486-linux-gnu
Configured with: ../src/configure -v --with-pkgversion='Debian 4.7.2-5' --with-bugurl=file:///usr/share/doc/gcc-4.7/README.Bugs --enable-languages=c,c++,go,fortran,objc,obj-c++ --prefix=/usr --program-suffix=-4.7 --enable-shared --enable-linker-build-id --with-system-zlib --libexecdir=/usr/lib --without-included-gettext --enable-threads=posix --with-gxx-include-dir=/usr/include/c++/4.7 --libdir=/usr/lib --enable-nls --with-sysroot=/ --enable-clocale=gnu --enable-libstdcxx-debug --enable-libstdcxx-time=yes --enable-gnu-unique-object --enable-plugin --enable-objc-gc --enable-targets=all --with-arch-32=i586 --with-tune=generic --enable-checking=release --build=i486-linux-gnu --host=i486-linux-gnu --target=i486-linux-gnu
Thread model: posix
gcc version 4.7.2 (Debian 4.7.2-5) 
configure:3581: $? = 0
configure:3570: gcc -V >&5
gcc-4.7.real: error: unrecognized command line option '-V'
gcc-4.7.real: fatal error: no input files
compilation terminated.
configure:3581: $? = 4
configure:3570: gcc -qversion >&5
gcc-4.7.real: error: unrecognized command line option '-qversion'
gcc-4.7.real: fatal error: no input files
compilation terminated.
configure:3581: $? = 4
configure:3601: checking whether the C compiler works
configure:3623: gcc    conftest.c  >&5
configure:3627: $? = 0
configure:3675: result: yes
configure:3678: checking for C compiler default output file name
configure:3680: result: a.out
configure:3686: checking for suffix of executables
configure:3693: gcc -o conftest    conftest.c  >&5
configure:3697: $? = 0
configure:3719: result: 
configure:3741: checking whether we are cross compiling
configure:3749: gcc -o conftest    conftest.c  >&5
configure:3753: $? = 0
configure:3760: ./conftest
configure:3764: $? = 0
configure:3779: result: no
configure:3784: checking for suffix of object files
configure:3806: gcc -c   conftest.c >&5
configure:3810: $? = 0
configure:3831: result: o
configure:3835: checking whether we are using the GNU C compiler
configure:3854: gcc -c   conftest.c >&5
configure:3854: $? = 0
configure:3863: result: yes
configure:3872: checking whether gcc accepts -g
configure:3892: gcc -c -g  conftest.c >&5
configure:3892: $? = 0
configure:3933: result: yes
configure:3950: checking for gcc option to accept ISO C89
configure:4014: gcc  -c -g -O2  conftest.c >&5
configure:4014: $? = 0
configure:4027: result: none needed
configure:4049: checking dependency style of gcc
configure:4160: result: gcc3
configure:4176: checking for library containing strerror
configure:4207: gcc -o conftest -g -O2   conftest.c  >&5
configure:4207: $? = 0
configure:4224: result: none required
configure:4280: checking for gcc
configure:4307: result: gcc
configure:4536: checking for C compiler version
configure:4545: gcc --version >&5
gcc-4.7.real (Debian 4.7.2-5) 4.7.2
Copyright (C) 2012 Free Software Foundation, Inc.
This is free software; see the source for copying conditions.  There is NO
warranty; not even for MERCHANTABILITY or FITNESS FOR A PARTICULAR PURPOSE.

configure:4556: $? = 0
configure:4545: gcc -v >&5
Using built-in specs.
COLLECT_GCC=/usr/bin/gcc-4.7.real
COLLECT_LTO_WRAPPER=/usr/lib/gcc/i486-linux-gnu/4.7/lto-wrapper
Target: i486-linux-gnu
Configured with: ../src/configure -v --with-pkgversion='Debian 4.7.2-5' --with-bugurl=file:///usr/share/doc/gcc-4.7/README.Bugs --enable-languages=c,c++,go,fortran,objc,obj-c++ --prefix=/usr --program-suffix=-4.7 --enable-shared --enable-linker-build-id --with-system-zlib --libexecdir=/usr/lib --without-included-gettext --enable-threads=posix --with-gxx-include-dir=/usr/include/c++/4.7 --libdir=/usr/lib --enable-nls --with-sysroot=/ --enable-clocale=gnu --enable-libstdcxx-debug --enable-libstdcxx-time=yes --enable-gnu-unique-object --enable-plugin --enable-objc-gc --enable-targets=all --with-arch-32=i586 --with-tune=generic --enable-checking=release --build=i486-linux-gnu --host=i486-linux-gnu --target=i486-linux-gnu
Thread model: posix
gcc version 4.7.2 (Debian 4.7.2-5) 
configure:4556: $? = 0
configure:4545: gcc -V >&5
gcc-4.7.real: error: unrecognized command line option '-V'
gcc-4.7.real: fatal error: no input files
compilation terminated.
configure:4556: $? = 4
configure:4545: gcc -qversion >&5
gcc-4.7.real: error: unrecognized command line option '-qversion'
gcc-4.7.real: fatal error: no input files
compilation terminated.
configure:4556: $? = 4
configure:4560: checking whether we are using the GNU C compiler
configure:4588: result: yes
configure:4597: checking whether gcc accepts -g
configure:4658: result: yes
configure:4675: checking for gcc option to accept ISO C89
configure:4752: result: none needed
configure:4774: checking dependency style of gcc
configure:4885: result: gcc3
configure:4905: checking how to run the C preprocessor
configure:4936: gcc -E  conftest.c
configure:4936: $? = 0
configure:4950: gcc -E  conftest.c
conftest.c:11:28: fatal error: ac_nonexistent.h: No such file or directory
compilation terminated.
configure:4950: $? = 1
configure: failed program was:
| /* confdefs.h */
| #define PACKAGE_NAME "pinot"
| #define PACKAGE_TARNAME "pinot"
| #define PACKAGE_VERSION "1.05"
| #define PACKAGE_STRING "pinot 1.05"
| #define PACKAGE_BUGREPORT "fabrice.colin@gmail.com"
| #define PACKAGE_URL ""
| #define PACKAGE "pinot"
| #define VERSION "1.05"
| /* end confdefs.h.  */
| #include <ac_nonexistent.h>
configure:4975: result: gcc -E
configure:4995: gcc -E  conftest.c
configure:4995: $? = 0
configure:5009: gcc -E  conftest.c
conftest.c:11:28: fatal error: ac_nonexistent.h: No such file or directory
compilation terminated.
configure:5009: $? = 1
configure: failed program was:
| /* confdefs.h */
| #define PACKAGE_NAME "pinot"
| #define PACKAGE_TARNAME "pinot"
| #define PACKAGE_VERSION "1.05"
| #define PACKAGE_STRING "pinot 1.05"
| #define PACKAGE_BUGREPORT "fabrice.colin@gmail.com"
| #define PACKAGE_URL ""
| #define PACKAGE "pinot"
| #define VERSION "1.05"
| /* end confdefs.h.  */
| #include <ac_nonexistent.h>
configure:5038: checking for grep that handles long lines and -e
configure:5096: result: /bin/grep
configure:5101: checking for egrep
configure:5163: result: /bin/grep -E
configure:5168: checking for ANSI C header files
configure:5188: gcc -c -g -O2  conftest.c >&5
configure:5188: $? = 0
configure:5261: gcc -o conftest -g -O2   conftest.c  >&5
configure:5261: $? = 0
configure:5261: ./conftest
configure:5261: $? = 0
configure:5272: result: yes
configure:5285: checking how to run the C preprocessor
configure:5355: result: gcc -E
configure:5375: gcc -E  conftest.c
configure:5375: $? = 0
configure:5389: gcc -E  conftest.c
conftest.c:12:28: fatal error: ac_nonexistent.h: No such file or directory
compilation terminated.
configure:5389: $? = 1
configure: failed program was:
| /* confdefs.h */
| #define PACKAGE_NAME "pinot"
| #define PACKAGE_TARNAME "pinot"
| #define PACKAGE_VERSION "1.05"
| #define PACKAGE_STRING "pinot 1.05"
| #define PACKAGE_BUGREPORT "fabrice.colin@gmail.com"
| #define PACKAGE_URL ""
| #define PACKAGE "pinot"
| #define VERSION "1.05"
| #define STDC_HEADERS 1
| /* end confdefs.h.  */
| #include <ac_nonexistent.h>
configure:5475: checking for g++
configure:5491: found /usr/bin/g++
configure:5502: result: g++
configure:5529: checking for C++ compiler version
configure:5538: g++ --version >&5
g++-4.7.real (Debian 4.7.2-5) 4.7.2
Copyright (C) 2012 Free Software Foundation, Inc.
This is free software; see the source for copying conditions.  There is NO
warranty; not even for MERCHANTABILITY or FITNESS FOR A PARTICULAR PURPOSE.

configure:5549: $? = 0
configure:5538: g++ -v >&5
Using built-in specs.
COLLECT_GCC=/usr/bin/g++-4.7.real
COLLECT_LTO_WRAPPER=/usr/lib/gcc/i486-linux-gnu/4.7/lto-wrapper
Target: i486-linux-gnu
Configured with: ../src/configure -v --with-pkgversion='Debian 4.7.2-5' --with-bugurl=file:///usr/share/doc/gcc-4.7/README.Bugs --enable-languages=c,c++,go,fortran,objc,obj-c++ --prefix=/usr --program-suffix=-4.7 --enable-shared --enable-linker-build-id --with-system-zlib --libexecdir=/usr/lib --without-included-gettext --enable-threads=posix --with-gxx-include-dir=/usr/include/c++/4.7 --libdir=/usr/lib --enable-nls --with-sysroot=/ --enable-clocale=gnu --enable-libstdcxx-debug --enable-libstdcxx-time=yes --enable-gnu-unique-object --enable-plugin --enable-objc-gc --enable-targets=all --with-arch-32=i586 --with-tune=generic --enable-checking=release --build=i486-linux-gnu --host=i486-linux-gnu --target=i486-linux-gnu
Thread model: posix
gcc version 4.7.2 (Debian 4.7.2-5) 
configure:5549: $? = 0
configure:5538: g++ -V >&5
g++-4.7.real: error: unrecognized command line option '-V'
g++-4.7.real: fatal error: no input files
compilation terminated.
configure:5549: $? = 4
configure:5538: g++ -qversion >&5
g++-4.7.real: error: unrecognized command line option '-qversion'
g++-4.7.real: fatal error: no input files
compilation terminated.
configure:5549: $? = 4
configure:5553: checking whether we are using the GNU C++ compiler
configure:5572: g++ -c   conftest.cpp >&5
configure:5572: $? = 0
configure:5581: result: yes
configure:5590: checking whether g++ accepts -g
configure:5610: g++ -c -g  conftest.cpp >&5
configure:5610: $? = 0
configure:5651: result: yes
configure:5676: checking dependency style of g++
configure:5787: result: gcc3
configure:5807: checking how to run the C++ preprocessor
configure:5834: g++ -E  conftest.cpp
configure:5834: $? = 0
configure:5848: g++ -E  conftest.cpp
conftest.cpp:12:28: fatal error: ac_nonexistent.h: No such file or directory
compilation terminated.
configure:5848: $? = 1
configure: failed program was:
| /* confdefs.h */
| #define PACKAGE_NAME "pinot"
| #define PACKAGE_TARNAME "pinot"
| #define PACKAGE_VERSION "1.05"
| #define PACKAGE_STRING "pinot 1.05"
| #define PACKAGE_BUGREPORT "fabrice.colin@gmail.com"
| #define PACKAGE_URL ""
| #define PACKAGE "pinot"
| #define VERSION "1.05"
| #define STDC_HEADERS 1
| /* end confdefs.h.  */
| #include <ac_nonexistent.h>
configure:5873: result: g++ -E
configure:5893: g++ -E  conftest.cpp
configure:5893: $? = 0
configure:5907: g++ -E  conftest.cpp
conftest.cpp:12:28: fatal error: ac_nonexistent.h: No such file or directory
compilation terminated.
configure:5907: $? = 1
configure: failed program was:
| /* confdefs.h */
| #define PACKAGE_NAME "pinot"
| #define PACKAGE_TARNAME "pinot"
| #define PACKAGE_VERSION "1.05"
| #define PACKAGE_STRING "pinot 1.05"
| #define PACKAGE_BUGREPORT "fabrice.colin@gmail.com"
| #define PACKAGE_URL ""
| #define PACKAGE "pinot"
| #define VERSION "1.05"
| #define STDC_HEADERS 1
| /* end confdefs.h.  */
| #include <ac_nonexistent.h>
configure:5964: checking build system type
configure:5978: result: i686-pc-linux-gnu
configure:5998: checking host system type
configure:6011: result: i686-pc-linux-gnu
configure:6052: checking how to print strings
configure:6079: result: printf
configure:6100: checking for a sed that does not truncate output
configure:6164: result: /bin/sed
configure:6182: checking for fgrep
configure:6244: result: /bin/grep -F
configure:6279: checking for ld used by gcc
configure:6346: result: /usr/bin/ld
configure:6353: checking if the linker (/usr/bin/ld) is GNU ld
configure:6368: result: yes
configure:6380: checking for BSD- or MS-compatible name lister (nm)
configure:6429: result: /usr/bin/nm -B
configure:6559: checking the name lister (/usr/bin/nm -B) interface
configure:6566: gcc -c -g -O2  conftest.c >&5
configure:6569: /usr/bin/nm -B "conftest.o"
configure:6572: output
00000000 B some_variable
configure:6579: result: BSD nm
configure:6582: checking whether ln -s works
configure:6586: result: yes
configure:6594: checking the maximum length of command line arguments
configure:6724: result: 1572864
configure:6741: checking whether the shell understands some XSI constructs
configure:6751: result: yes
configure:6755: checking whether the shell understands "+="
configure:6761: result: yes
configure:6796: checking how to convert i686-pc-linux-gnu file names to i686-pc-linux-gnu format
configure:6836: result: func_convert_file_noop
configure:6843: checking how to convert i686-pc-linux-gnu file names to toolchain format
configure:6863: result: func_convert_file_noop
configure:6870: checking for /usr/bin/ld option to reload object files
configure:6877: result: -r
configure:6951: checking for objdump
configure:6967: found /usr/bin/objdump
configure:6978: result: objdump
configure:7010: checking how to recognize dependent libraries
configure:7212: result: pass_all
configure:7297: checking for dlltool
configure:7327: result: no
configure:7357: checking how to associate runtime and link libraries
configure:7384: result: printf %s\n
configure:7444: checking for ar
configure:7460: found /usr/bin/ar
configure:7471: result: ar
configure:7508: checking for archiver @FILE support
configure:7525: gcc -c -g -O2  conftest.c >&5
configure:7525: $? = 0
configure:7528: ar cru libconftest.a @conftest.lst >&5
configure:7531: $? = 0
configure:7536: ar cru libconftest.a @conftest.lst >&5
ar: conftest.o: No such file or directory
configure:7539: $? = 1
configure:7551: result: @
configure:7609: checking for strip
configure:7625: found /usr/bin/strip
configure:7636: result: strip
configure:7708: checking for ranlib
configure:7724: found /usr/bin/ranlib
configure:7735: result: ranlib
configure:7837: checking command to parse /usr/bin/nm -B output from gcc object
configure:7957: gcc -c -g -O2  conftest.c >&5
configure:7960: $? = 0
configure:7964: /usr/bin/nm -B conftest.o \| sed -n -e 's/^.*[ ]\([ABCDGIRSTW][ABCDGIRSTW]*\)[ ][ ]*\([_A-Za-z][_A-Za-z0-9]*\)$/\1 \2 \2/p' | sed '/ __gnu_lto/d' \> conftest.nm
configure:7967: $? = 0
configure:8033: gcc -o conftest -g -O2   conftest.c conftstm.o >&5
configure:8036: $? = 0
configure:8074: result: ok
configure:8111: checking for sysroot
configure:8141: result: no
configure:8397: checking for mt
configure:8413: found /bin/mt
configure:8424: result: mt
configure:8447: checking if mt is a manifest tool
configure:8453: mt '-?'
configure:8461: result: no
configure:9103: checking for sys/types.h
configure:9103: gcc -c -g -O2  conftest.c >&5
configure:9103: $? = 0
configure:9103: result: yes
configure:9103: checking for sys/stat.h
configure:9103: gcc -c -g -O2  conftest.c >&5
configure:9103: $? = 0
configure:9103: result: yes
configure:9103: checking for stdlib.h
configure:9103: gcc -c -g -O2  conftest.c >&5
configure:9103: $? = 0
configure:9103: result: yes
configure:9103: checking for string.h
configure:9103: gcc -c -g -O2  conftest.c >&5
configure:9103: $? = 0
configure:9103: result: yes
configure:9103: checking for memory.h
configure:9103: gcc -c -g -O2  conftest.c >&5
configure:9103: $? = 0
configure:9103: result: yes
configure:9103: checking for strings.h
configure:9103: gcc -c -g -O2  conftest.c >&5
configure:9103: $? = 0
configure:9103: result: yes
configure:9103: checking for inttypes.h
configure:9103: gcc -c -g -O2  conftest.c >&5
configure:9103: $? = 0
configure:9103: result: yes
configure:9103: checking for stdint.h
configure:9103: gcc -c -g -O2  conftest.c >&5
configure:9103: $? = 0
configure:9103: result: yes
configure:9103: checking for unistd.h
configure:9103: gcc -c -g -O2  conftest.c >&5
configure:9103: $? = 0
configure:9103: result: yes
configure:9117: checking for dlfcn.h
configure:9117: gcc -c -g -O2  conftest.c >&5
configure:9117: $? = 0
configure:9117: result: yes
configure:9334: checking for objdir
configure:9349: result: .libs
configure:9616: checking if gcc supports -fno-rtti -fno-exceptions
configure:9634: gcc -c -g -O2  -fno-rtti -fno-exceptions conftest.c >&5
cc1: warning: command line option '-fno-rtti' is valid for C++/ObjC++ but not for C [enabled by default]
configure:9638: $? = 0
configure:9651: result: no
configure:9978: checking for gcc option to produce PIC
configure:9985: result: -fPIC -DPIC
configure:9993: checking if gcc PIC flag -fPIC -DPIC works
configure:10011: gcc -c -g -O2  -fPIC -DPIC -DPIC conftest.c >&5
configure:10015: $? = 0
configure:10028: result: yes
configure:10057: checking if gcc static flag -static works
configure:10085: result: yes
configure:10100: checking if gcc supports -c -o file.o
configure:10121: gcc -c -g -O2  -o out/conftest2.o conftest.c >&5
configure:10125: $? = 0
configure:10147: result: yes
configure:10155: checking if gcc supports -c -o file.o
configure:10202: result: yes
configure:10235: checking whether the gcc linker (/usr/bin/ld) supports shared libraries
configure:11388: result: yes
configure:11425: checking whether -lc should be explicitly linked in
configure:11433: gcc -c -g -O2  conftest.c >&5
configure:11436: $? = 0
configure:11451: gcc -shared  -fPIC -DPIC conftest.o  -v -Wl,-soname -Wl,conftest -o conftest 2\>\&1 \| /bin/grep  -lc  \>/dev/null 2\>\&1
configure:11454: $? = 0
configure:11468: result: no
configure:11628: checking dynamic linker characteristics
configure:12139: gcc -o conftest -g -O2   -Wl,-rpath -Wl,/foo conftest.c  >&5
configure:12139: $? = 0
configure:12365: result: GNU/Linux ld.so
configure:12472: checking how to hardcode library paths into programs
configure:12497: result: immediate
configure:13037: checking whether stripping libraries is possible
configure:13042: result: yes
configure:13077: checking if libtool supports shared libraries
configure:13079: result: yes
configure:13082: checking whether to build shared libraries
configure:13103: result: yes
configure:13106: checking whether to build static libraries
configure:13110: result: yes
configure:13133: checking how to run the C++ preprocessor
configure:13199: result: g++ -E
configure:13219: g++ -E  conftest.cpp
configure:13219: $? = 0
configure:13233: g++ -E  conftest.cpp
conftest.cpp:23:28: fatal error: ac_nonexistent.h: No such file or directory
compilation terminated.
configure:13233: $? = 1
configure: failed program was:
| /* confdefs.h */
| #define PACKAGE_NAME "pinot"
| #define PACKAGE_TARNAME "pinot"
| #define PACKAGE_VERSION "1.05"
| #define PACKAGE_STRING "pinot 1.05"
| #define PACKAGE_BUGREPORT "fabrice.colin@gmail.com"
| #define PACKAGE_URL ""
| #define PACKAGE "pinot"
| #define VERSION "1.05"
| #define STDC_HEADERS 1
| #define HAVE_SYS_TYPES_H 1
| #define HAVE_SYS_STAT_H 1
| #define HAVE_STDLIB_H 1
| #define HAVE_STRING_H 1
| #define HAVE_MEMORY_H 1
| #define HAVE_STRINGS_H 1
| #define HAVE_INTTYPES_H 1
| #define HAVE_STDINT_H 1
| #define HAVE_UNISTD_H 1
| #define HAVE_DLFCN_H 1
| #define LT_OBJDIR ".libs/"
| /* end confdefs.h.  */
| #include <ac_nonexistent.h>
configure:13402: checking for ld used by g++
configure:13469: result: /usr/bin/ld
configure:13476: checking if the linker (/usr/bin/ld) is GNU ld
configure:13491: result: yes
configure:13546: checking whether the g++ linker (/usr/bin/ld) supports shared libraries
configure:14551: result: yes
configure:14587: g++ -c -g -O2  conftest.cpp >&5
configure:14590: $? = 0
configure:15110: checking for g++ option to produce PIC
configure:15117: result: -fPIC -DPIC
configure:15125: checking if g++ PIC flag -fPIC -DPIC works
configure:15143: g++ -c -g -O2  -fPIC -DPIC -DPIC conftest.cpp >&5
configure:15147: $? = 0
configure:15160: result: yes
configure:15183: checking if g++ static flag -static works
configure:15211: result: yes
configure:15223: checking if g++ supports -c -o file.o
configure:15244: g++ -c -g -O2  -o out/conftest2.o conftest.cpp >&5
configure:15248: $? = 0
configure:15270: result: yes
configure:15275: checking if g++ supports -c -o file.o
configure:15322: result: yes
configure:15352: checking whether the g++ linker (/usr/bin/ld) supports shared libraries
configure:15388: result: yes
configure:15529: checking dynamic linker characteristics
configure:16200: result: GNU/Linux ld.so
configure:16253: checking how to hardcode library paths into programs
configure:16278: result: immediate
configure:16359: checking locale.h usability
configure:16359: gcc -c -g -O2  conftest.c >&5
configure:16359: $? = 0
configure:16359: result: yes
configure:16359: checking locale.h presence
configure:16359: gcc -E  conftest.c
configure:16359: $? = 0
configure:16359: result: yes
configure:16359: checking for locale.h
configure:16359: result: yes
configure:16370: checking for LC_MESSAGES
configure:16386: gcc -o conftest -g -O2   conftest.c  >&5
configure:16386: $? = 0
configure:16394: result: yes
configure:16411: checking libintl.h usability
configure:16411: gcc -c -g -O2  conftest.c >&5
configure:16411: $? = 0
configure:16411: result: yes
configure:16411: checking libintl.h presence
configure:16411: gcc -E  conftest.c
configure:16411: $? = 0
configure:16411: result: yes
configure:16411: checking for libintl.h
configure:16411: result: yes
configure:16419: checking for ngettext in libc
configure:16437: gcc -o conftest -g -O2   conftest.c  >&5
configure:16437: $? = 0
configure:16446: result: yes
configure:16450: checking for dgettext in libc
configure:16468: gcc -o conftest -g -O2   conftest.c  >&5
configure:16468: $? = 0
configure:16477: result: yes
configure:16484: checking for bind_textdomain_codeset
configure:16484: gcc -o conftest -g -O2   conftest.c  >&5
configure:16484: $? = 0
configure:16484: result: yes
configure:16760: checking for msgfmt
configure:16787: result: /usr/bin/msgfmt
configure:16798: checking for dcgettext
configure:16798: gcc -o conftest -g -O2   conftest.c   >&5
conftest.c:52:6: warning: conflicting types for built-in function 'dcgettext' [enabled by default]
configure:16798: $? = 0
configure:16798: result: yes
configure:16808: checking if msgfmt accepts -c
configure:16823: $MSGFMT -c -o /dev/null conftest.foo
configure:16826: $? = 0
configure:16828: result: yes
configure:16838: checking for gmsgfmt
configure:16869: result: /usr/bin/msgfmt
configure:16879: checking for xgettext
configure:16906: result: /usr/bin/xgettext
configure:16925: gcc -o conftest -g -O2   conftest.c   >&5
configure:16925: $? = 0
configure:17007: checking for catalogs to be installed
configure:17032: result:  cs de es fr he it ja nl pt pt_BR ru sv zh_CN zh_TW
configure:17234: checking for pkg-config
configure:17252: found /usr/bin/pkg-config
configure:17265: result: /usr/bin/pkg-config
configure:17275: checking for desktop-file-install
configure:17293: found /usr/bin/desktop-file-install
configure:17306: result: /usr/bin/desktop-file-install
configure:17316: checking whether to enable DEBUG mode
configure:17333: result: no
configure:17348: checking whether to enable DBus support
configure:17362: result: yes
configure:17481: checking pkg-config is at least version 0.9.0
configure:17484: result: yes
configure:17494: checking for DBUS
configure:17501: $PKG_CONFIG --exists --print-errors "dbus-glib-1"
configure:17504: $? = 0
configure:17517: $PKG_CONFIG --exists --print-errors "dbus-glib-1"
configure:17520: $? = 0
configure:17579: result: yes
configure:17601: checking which HTTP library to use
configure:17613: result: curl
configure:17717: checking for curl-config
configure:17735: found /usr/bin/curl-config
configure:17748: result: /usr/bin/curl-config
configure:17762: checking whether curl needs OpenSSL
configure:17771: result: yes
configure:17800: checking for SSL
configure:17807: $PKG_CONFIG --exists --print-errors "openssl >= 0.9.7 "
configure:17810: $? = 0
configure:17823: $PKG_CONFIG --exists --print-errors "openssl >= 0.9.7 "
configure:17826: $? = 0
configure:17885: result: yes
configure:17897: checking for xapian-config
configure:17915: found /usr/bin/xapian-config
configure:17928: result: /usr/bin/xapian-config
configure:17948: checking for Xapian >= 1.0.4
configure:17951: result: yes
configure:17971: checking sys/inotify.h usability
configure:17971: g++ -c -fPIC -g -O2 -DNDEBUG  conftest.cpp >&5
configure:17971: $? = 0
configure:17971: result: yes
configure:17971: checking sys/inotify.h presence
configure:17971: g++ -E  conftest.cpp
configure:17971: $? = 0
configure:17971: result: yes
configure:17971: checking for sys/inotify.h
configure:17971: result: yes
configure:18000: checking boost/spirit/core.hpp usability
configure:18000: g++ -c -fPIC -g -O2 -DNDEBUG  conftest.cpp >&5
In file included from conftest.cpp:72:0:
/usr/include/boost/spirit/core.hpp:18:4: warning: #warning "This header is deprecated. Please use: boost/spirit/include/classic_core.hpp" [-Wcpp]
configure:18000: $? = 0
configure:18000: result: yes
configure:18000: checking boost/spirit/core.hpp presence
configure:18000: g++ -E  conftest.cpp
In file included from conftest.cpp:39:0:
/usr/include/boost/spirit/core.hpp:18:4: warning: #warning "This header is deprecated. Please use: boost/spirit/include/classic_core.hpp" [-Wcpp]
configure:18000: $? = 0
configure:18000: result: yes
configure:18000: checking for boost/spirit/core.hpp
configure:18000: result: yes
configure:18018: checking whether to enable the memory pool
configure:18030: result: no
configure:18049: checking ext/malloc_allocator.h usability
configure:18049: g++ -c -fPIC -g -O2 -DNDEBUG  conftest.cpp >&5
configure:18049: $? = 0
configure:18049: result: yes
configure:18049: checking ext/malloc_allocator.h presence
configure:18049: g++ -E  conftest.cpp
configure:18049: $? = 0
configure:18049: result: yes
configure:18049: checking for ext/malloc_allocator.h
configure:18049: result: yes
configure:18062: checking textcat.h usability
configure:18062: g++ -c -fPIC -g -O2 -DNDEBUG  conftest.cpp >&5
conftest.cpp:74:21: fatal error: textcat.h: No such file or directory
compilation terminated.
configure:18062: $? = 1
configure: failed program was:
| /* confdefs.h */
| #define PACKAGE_NAME "pinot"
| #define PACKAGE_TARNAME "pinot"
| #define PACKAGE_VERSION "1.05"
| #define PACKAGE_STRING "pinot 1.05"
| #define PACKAGE_BUGREPORT "fabrice.colin@gmail.com"
| #define PACKAGE_URL ""
| #define PACKAGE "pinot"
| #define VERSION "1.05"
| #define STDC_HEADERS 1
| #define HAVE_SYS_TYPES_H 1
| #define HAVE_SYS_STAT_H 1
| #define HAVE_STDLIB_H 1
| #define HAVE_STRING_H 1
| #define HAVE_MEMORY_H 1
| #define HAVE_STRINGS_H 1
| #define HAVE_INTTYPES_H 1
| #define HAVE_STDINT_H 1
| #define HAVE_UNISTD_H 1
| #define HAVE_DLFCN_H 1
| #define LT_OBJDIR ".libs/"
| #define PINOT_INDEX_MIN_VERSION "0.92"
| #define GETTEXT_PACKAGE "pinot"
| #define HAVE_LOCALE_H 1
| #define HAVE_LC_MESSAGES 1
| #define HAVE_BIND_TEXTDOMAIN_CODESET 1
| #define HAVE_GETTEXT 1
| #define HAVE_DCGETTEXT 1
| #define ENABLE_NLS 1
| #define PACKAGE_LOCALE_DIR "/home/Pinot/.App/ioPinot1.05-Debian7/Linux-ia32/share/locale"
| #define PREFIX "/home/Pinot/.App/ioPinot1.05-Debian7/Linux-ia32"
| #define SYSCONFDIR "/home/Pinot/.App/ioPinot1.05-Debian7/Linux-ia32/etc"
| #define LIBDIR "/home/Pinot/.App/ioPinot1.05-Debian7/Linux-ia32/lib"
| #define DBUS_SERVICES_DIR "${prefix}/share/dbus-1/services"
| #define DBUS_NUM_VERSION 1006008
| #define XAPIAN_NUM_VERSION 1002012
| #define HAVE_SYS_INOTIFY_H 1
| #define HAVE_BOOST_SPIRIT_CORE_HPP 1
| #define HAVE_EXT_MALLOC_ALLOCATOR_H 1
| /* end confdefs.h.  */
| #include <stdio.h>
| #ifdef HAVE_SYS_TYPES_H
| # include <sys/types.h>
| #endif
| #ifdef HAVE_SYS_STAT_H
| # include <sys/stat.h>
| #endif
| #ifdef STDC_HEADERS
| # include <stdlib.h>
| # include <stddef.h>
| #else
| # ifdef HAVE_STDLIB_H
| #  include <stdlib.h>
| # endif
| #endif
| #ifdef HAVE_STRING_H
| # if !defined STDC_HEADERS && defined HAVE_MEMORY_H
| #  include <memory.h>
| # endif
| # include <string.h>
| #endif
| #ifdef HAVE_STRINGS_H
| # include <strings.h>
| #endif
| #ifdef HAVE_INTTYPES_H
| # include <inttypes.h>
| #endif
| #ifdef HAVE_STDINT_H
| # include <stdint.h>
| #endif
| #ifdef HAVE_UNISTD_H
| # include <unistd.h>
| #endif
| #include <textcat.h>
configure:18062: result: no
configure:18062: checking textcat.h presence
configure:18062: g++ -E  conftest.cpp
conftest.cpp:41:21: fatal error: textcat.h: No such file or directory
compilation terminated.
configure:18062: $? = 1
configure: failed program was:
| /* confdefs.h */
| #define PACKAGE_NAME "pinot"
| #define PACKAGE_TARNAME "pinot"
| #define PACKAGE_VERSION "1.05"
| #define PACKAGE_STRING "pinot 1.05"
| #define PACKAGE_BUGREPORT "fabrice.colin@gmail.com"
| #define PACKAGE_URL ""
| #define PACKAGE "pinot"
| #define VERSION "1.05"
| #define STDC_HEADERS 1
| #define HAVE_SYS_TYPES_H 1
| #define HAVE_SYS_STAT_H 1
| #define HAVE_STDLIB_H 1
| #define HAVE_STRING_H 1
| #define HAVE_MEMORY_H 1
| #define HAVE_STRINGS_H 1
| #define HAVE_INTTYPES_H 1
| #define HAVE_STDINT_H 1
| #define HAVE_UNISTD_H 1
| #define HAVE_DLFCN_H 1
| #define LT_OBJDIR ".libs/"
| #define PINOT_INDEX_MIN_VERSION "0.92"
| #define GETTEXT_PACKAGE "pinot"
| #define HAVE_LOCALE_H 1
| #define HAVE_LC_MESSAGES 1
| #define HAVE_BIND_TEXTDOMAIN_CODESET 1
| #define HAVE_GETTEXT 1
| #define HAVE_DCGETTEXT 1
| #define ENABLE_NLS 1
| #define PACKAGE_LOCALE_DIR "/home/Pinot/.App/ioPinot1.05-Debian7/Linux-ia32/share/locale"
| #define PREFIX "/home/Pinot/.App/ioPinot1.05-Debian7/Linux-ia32"
| #define SYSCONFDIR "/home/Pinot/.App/ioPinot1.05-Debian7/Linux-ia32/etc"
| #define LIBDIR "/home/Pinot/.App/ioPinot1.05-Debian7/Linux-ia32/lib"
| #define DBUS_SERVICES_DIR "${prefix}/share/dbus-1/services"
| #define DBUS_NUM_VERSION 1006008
| #define XAPIAN_NUM_VERSION 1002012
| #define HAVE_SYS_INOTIFY_H 1
| #define HAVE_BOOST_SPIRIT_CORE_HPP 1
| #define HAVE_EXT_MALLOC_ALLOCATOR_H 1
| /* end confdefs.h.  */
| #include <textcat.h>
configure:18062: result: no
configure:18062: checking for textcat.h
configure:18062: result: no
configure:18071: checking libtextcat/textcat.h usability
configure:18071: g++ -c -fPIC -g -O2 -DNDEBUG  conftest.cpp >&5
conftest.cpp:74:32: fatal error: libtextcat/textcat.h: No such file or directory
compilation terminated.
configure:18071: $? = 1
configure: failed program was:
| /* confdefs.h */
| #define PACKAGE_NAME "pinot"
| #define PACKAGE_TARNAME "pinot"
| #define PACKAGE_VERSION "1.05"
| #define PACKAGE_STRING "pinot 1.05"
| #define PACKAGE_BUGREPORT "fabrice.colin@gmail.com"
| #define PACKAGE_URL ""
| #define PACKAGE "pinot"
| #define VERSION "1.05"
| #define STDC_HEADERS 1
| #define HAVE_SYS_TYPES_H 1
| #define HAVE_SYS_STAT_H 1
| #define HAVE_STDLIB_H 1
| #define HAVE_STRING_H 1
| #define HAVE_MEMORY_H 1
| #define HAVE_STRINGS_H 1
| #define HAVE_INTTYPES_H 1
| #define HAVE_STDINT_H 1
| #define HAVE_UNISTD_H 1
| #define HAVE_DLFCN_H 1
| #define LT_OBJDIR ".libs/"
| #define PINOT_INDEX_MIN_VERSION "0.92"
| #define GETTEXT_PACKAGE "pinot"
| #define HAVE_LOCALE_H 1
| #define HAVE_LC_MESSAGES 1
| #define HAVE_BIND_TEXTDOMAIN_CODESET 1
| #define HAVE_GETTEXT 1
| #define HAVE_DCGETTEXT 1
| #define ENABLE_NLS 1
| #define PACKAGE_LOCALE_DIR "/home/Pinot/.App/ioPinot1.05-Debian7/Linux-ia32/share/locale"
| #define PREFIX "/home/Pinot/.App/ioPinot1.05-Debian7/Linux-ia32"
| #define SYSCONFDIR "/home/Pinot/.App/ioPinot1.05-Debian7/Linux-ia32/etc"
| #define LIBDIR "/home/Pinot/.App/ioPinot1.05-Debian7/Linux-ia32/lib"
| #define DBUS_SERVICES_DIR "${prefix}/share/dbus-1/services"
| #define DBUS_NUM_VERSION 1006008
| #define XAPIAN_NUM_VERSION 1002012
| #define HAVE_SYS_INOTIFY_H 1
| #define HAVE_BOOST_SPIRIT_CORE_HPP 1
| #define HAVE_EXT_MALLOC_ALLOCATOR_H 1
| /* end confdefs.h.  */
| #include <stdio.h>
| #ifdef HAVE_SYS_TYPES_H
| # include <sys/types.h>
| #endif
| #ifdef HAVE_SYS_STAT_H
| # include <sys/stat.h>
| #endif
| #ifdef STDC_HEADERS
| # include <stdlib.h>
| # include <stddef.h>
| #else
| # ifdef HAVE_STDLIB_H
| #  include <stdlib.h>
| # endif
| #endif
| #ifdef HAVE_STRING_H
| # if !defined STDC_HEADERS && defined HAVE_MEMORY_H
| #  include <memory.h>
| # endif
| # include <string.h>
| #endif
| #ifdef HAVE_STRINGS_H
| # include <strings.h>
| #endif
| #ifdef HAVE_INTTYPES_H
| # include <inttypes.h>
| #endif
| #ifdef HAVE_STDINT_H
| # include <stdint.h>
| #endif
| #ifdef HAVE_UNISTD_H
| # include <unistd.h>
| #endif
| #include <libtextcat/textcat.h>
configure:18071: result: no
configure:18071: checking libtextcat/textcat.h presence
configure:18071: g++ -E  conftest.cpp
conftest.cpp:41:32: fatal error: libtextcat/textcat.h: No such file or directory
compilation terminated.
configure:18071: $? = 1
configure: failed program was:
| /* confdefs.h */
| #define PACKAGE_NAME "pinot"
| #define PACKAGE_TARNAME "pinot"
| #define PACKAGE_VERSION "1.05"
| #define PACKAGE_STRING "pinot 1.05"
| #define PACKAGE_BUGREPORT "fabrice.colin@gmail.com"
| #define PACKAGE_URL ""
| #define PACKAGE "pinot"
| #define VERSION "1.05"
| #define STDC_HEADERS 1
| #define HAVE_SYS_TYPES_H 1
| #define HAVE_SYS_STAT_H 1
| #define HAVE_STDLIB_H 1
| #define HAVE_STRING_H 1
| #define HAVE_MEMORY_H 1
| #define HAVE_STRINGS_H 1
| #define HAVE_INTTYPES_H 1
| #define HAVE_STDINT_H 1
| #define HAVE_UNISTD_H 1
| #define HAVE_DLFCN_H 1
| #define LT_OBJDIR ".libs/"
| #define PINOT_INDEX_MIN_VERSION "0.92"
| #define GETTEXT_PACKAGE "pinot"
| #define HAVE_LOCALE_H 1
| #define HAVE_LC_MESSAGES 1
| #define HAVE_BIND_TEXTDOMAIN_CODESET 1
| #define HAVE_GETTEXT 1
| #define HAVE_DCGETTEXT 1
| #define ENABLE_NLS 1
| #define PACKAGE_LOCALE_DIR "/home/Pinot/.App/ioPinot1.05-Debian7/Linux-ia32/share/locale"
| #define PREFIX "/home/Pinot/.App/ioPinot1.05-Debian7/Linux-ia32"
| #define SYSCONFDIR "/home/Pinot/.App/ioPinot1.05-Debian7/Linux-ia32/etc"
| #define LIBDIR "/home/Pinot/.App/ioPinot1.05-Debian7/Linux-ia32/lib"
| #define DBUS_SERVICES_DIR "${prefix}/share/dbus-1/services"
| #define DBUS_NUM_VERSION 1006008
| #define XAPIAN_NUM_VERSION 1002012
| #define HAVE_SYS_INOTIFY_H 1
| #define HAVE_BOOST_SPIRIT_CORE_HPP 1
| #define HAVE_EXT_MALLOC_ALLOCATOR_H 1
| /* end confdefs.h.  */
| #include <libtextcat/textcat.h>
configure:18071: result: no
configure:18071: checking for libtextcat/textcat.h
configure:18071: result: no
configure:18080: checking libexttextcat/textcat.h usability
configure:18080: g++ -c -fPIC -g -O2 -DNDEBUG  conftest.cpp >&5
configure:18080: $? = 0
configure:18080: result: yes
configure:18080: checking libexttextcat/textcat.h presence
configure:18080: g++ -E  conftest.cpp
configure:18080: $? = 0
configure:18080: result: yes
configure:18080: checking for libexttextcat/textcat.h
configure:18080: result: yes
configure:18175: checking whether to enable the libarchive filter
configure:18204: result: no
configure:18207: checking whether to enable the chmlib filter
configure:18236: result: no
configure:18241: checking if pthreads is available
configure:18262: g++ -o conftest -fPIC -g -O2 -DNDEBUG   conftest.cpp   >&5
configure:18262: $? = 0
configure:18262: g++ -o conftest -fPIC -g -O2 -DNDEBUG   conftest.cpp -pthread  >&5
configure:18262: $? = 0
configure:18262: g++ -o conftest -fPIC -g -O2 -DNDEBUG   conftest.cpp -lc_r  >&5
/usr/bin/ld.bfd.real: cannot find -lc_r
collect2: error: ld returned 1 exit status
configure:18262: $? = 1
configure: failed program was:
| /* confdefs.h */
| #define PACKAGE_NAME "pinot"
| #define PACKAGE_TARNAME "pinot"
| #define PACKAGE_VERSION "1.05"
| #define PACKAGE_STRING "pinot 1.05"
| #define PACKAGE_BUGREPORT "fabrice.colin@gmail.com"
| #define PACKAGE_URL ""
| #define PACKAGE "pinot"
| #define VERSION "1.05"
| #define STDC_HEADERS 1
| #define HAVE_SYS_TYPES_H 1
| #define HAVE_SYS_STAT_H 1
| #define HAVE_STDLIB_H 1
| #define HAVE_STRING_H 1
| #define HAVE_MEMORY_H 1
| #define HAVE_STRINGS_H 1
| #define HAVE_INTTYPES_H 1
| #define HAVE_STDINT_H 1
| #define HAVE_UNISTD_H 1
| #define HAVE_DLFCN_H 1
| #define LT_OBJDIR ".libs/"
| #define PINOT_INDEX_MIN_VERSION "0.92"
| #define GETTEXT_PACKAGE "pinot"
| #define HAVE_LOCALE_H 1
| #define HAVE_LC_MESSAGES 1
| #define HAVE_BIND_TEXTDOMAIN_CODESET 1
| #define HAVE_GETTEXT 1
| #define HAVE_DCGETTEXT 1
| #define ENABLE_NLS 1
| #define PACKAGE_LOCALE_DIR "/home/Pinot/.App/ioPinot1.05-Debian7/Linux-ia32/share/locale"
| #define PREFIX "/home/Pinot/.App/ioPinot1.05-Debian7/Linux-ia32"
| #define SYSCONFDIR "/home/Pinot/.App/ioPinot1.05-Debian7/Linux-ia32/etc"
| #define LIBDIR "/home/Pinot/.App/ioPinot1.05-Debian7/Linux-ia32/lib"
| #define DBUS_SERVICES_DIR "${prefix}/share/dbus-1/services"
| #define DBUS_NUM_VERSION 1006008
| #define XAPIAN_NUM_VERSION 1002012
| #define HAVE_SYS_INOTIFY_H 1
| #define HAVE_BOOST_SPIRIT_CORE_HPP 1
| #define HAVE_EXT_MALLOC_ALLOCATOR_H 1
| #define HAVE_LIBEXTTEXTCAT_TEXTCAT_H 1
| /* end confdefs.h.  */
| #include <pthread.h>
| int
| main ()
| {
| pthread_mutex_t lck;
|          pthread_mutex_init(&lck, 0);
|          pthread_mutex_lock(&lck);
|          pthread_mutex_unlock(&lck);
|          pthread_mutex_destroy(&lck);
|   ;
|   return 0;
| }
configure:18262: g++ -o conftest -fPIC -g -O2 -DNDEBUG   conftest.cpp -lthr  >&5
/usr/bin/ld.bfd.real: cannot find -lthr
collect2: error: ld returned 1 exit status
configure:18262: $? = 1
configure: failed program was:
| /* confdefs.h */
| #define PACKAGE_NAME "pinot"
| #define PACKAGE_TARNAME "pinot"
| #define PACKAGE_VERSION "1.05"
| #define PACKAGE_STRING "pinot 1.05"
| #define PACKAGE_BUGREPORT "fabrice.colin@gmail.com"
| #define PACKAGE_URL ""
| #define PACKAGE "pinot"
| #define VERSION "1.05"
| #define STDC_HEADERS 1
| #define HAVE_SYS_TYPES_H 1
| #define HAVE_SYS_STAT_H 1
| #define HAVE_STDLIB_H 1
| #define HAVE_STRING_H 1
| #define HAVE_MEMORY_H 1
| #define HAVE_STRINGS_H 1
| #define HAVE_INTTYPES_H 1
| #define HAVE_STDINT_H 1
| #define HAVE_UNISTD_H 1
| #define HAVE_DLFCN_H 1
| #define LT_OBJDIR ".libs/"
| #define PINOT_INDEX_MIN_VERSION "0.92"
| #define GETTEXT_PACKAGE "pinot"
| #define HAVE_LOCALE_H 1
| #define HAVE_LC_MESSAGES 1
| #define HAVE_BIND_TEXTDOMAIN_CODESET 1
| #define HAVE_GETTEXT 1
| #define HAVE_DCGETTEXT 1
| #define ENABLE_NLS 1
| #define PACKAGE_LOCALE_DIR "/home/Pinot/.App/ioPinot1.05-Debian7/Linux-ia32/share/locale"
| #define PREFIX "/home/Pinot/.App/ioPinot1.05-Debian7/Linux-ia32"
| #define SYSCONFDIR "/home/Pinot/.App/ioPinot1.05-Debian7/Linux-ia32/etc"
| #define LIBDIR "/home/Pinot/.App/ioPinot1.05-Debian7/Linux-ia32/lib"
| #define DBUS_SERVICES_DIR "${prefix}/share/dbus-1/services"
| #define DBUS_NUM_VERSION 1006008
| #define XAPIAN_NUM_VERSION 1002012
| #define HAVE_SYS_INOTIFY_H 1
| #define HAVE_BOOST_SPIRIT_CORE_HPP 1
| #define HAVE_EXT_MALLOC_ALLOCATOR_H 1
| #define HAVE_LIBEXTTEXTCAT_TEXTCAT_H 1
| /* end confdefs.h.  */
| #include <pthread.h>
| int
| main ()
| {
| pthread_mutex_t lck;
|          pthread_mutex_init(&lck, 0);
|          pthread_mutex_lock(&lck);
|          pthread_mutex_unlock(&lck);
|          pthread_mutex_destroy(&lck);
|   ;
|   return 0;
| }
configure:18277: result: yes with -pthread
configure:18332: checking for dlopen in -ldl
configure:18357: g++ -o conftest -fPIC -g -O2 -DNDEBUG   conftest.cpp -ldl   >&5
configure:18357: $? = 0
configure:18366: result: yes
configure:18426: checking if gio can sniff png
configure:18504: g++ -o conftest -pthread -I/usr/include/glib-2.0 -I/usr/lib/i386-linux-gnu/glib-2.0/include     conftest.cpp -lgio-2.0 -lgobject-2.0 -lglib-2.0   >&5
configure:18504: $? = 0
configure:18504: ./conftest
configure:18504: $? = 0
configure:18526: result: yes
configure:18536: checking sys/vfs.h usability
configure:18536: g++ -c -fPIC -g -O2 -DNDEBUG  conftest.cpp >&5
configure:18536: $? = 0
configure:18536: result: yes
configure:18536: checking sys/vfs.h presence
configure:18536: g++ -E  conftest.cpp
configure:18536: $? = 0
configure:18536: result: yes
configure:18536: checking for sys/vfs.h
configure:18536: result: yes
configure:18536: checking sys/statfs.h usability
configure:18536: g++ -c -fPIC -g -O2 -DNDEBUG  conftest.cpp >&5
configure:18536: $? = 0
configure:18536: result: yes
configure:18536: checking sys/statfs.h presence
configure:18536: g++ -E  conftest.cpp
configure:18536: $? = 0
configure:18536: result: yes
configure:18536: checking for sys/statfs.h
configure:18536: result: yes
configure:18536: checking sys/mount.h usability
configure:18536: g++ -c -fPIC -g -O2 -DNDEBUG  conftest.cpp >&5
configure:18536: $? = 0
configure:18536: result: yes
configure:18536: checking sys/mount.h presence
configure:18536: g++ -E  conftest.cpp
configure:18536: $? = 0
configure:18536: result: yes
configure:18536: checking for sys/mount.h
configure:18536: result: yes
configure:18536: checking sys/statvfs.h usability
configure:18536: g++ -c -fPIC -g -O2 -DNDEBUG  conftest.cpp >&5
configure:18536: $? = 0
configure:18536: result: yes
configure:18536: checking sys/statvfs.h presence
configure:18536: g++ -E  conftest.cpp
configure:18536: $? = 0
configure:18536: result: yes
configure:18536: checking for sys/statvfs.h
configure:18536: result: yes
configure:18536: checking attr/xattr.h usability
configure:18536: g++ -c -fPIC -g -O2 -DNDEBUG  conftest.cpp >&5
configure:18536: $? = 0
configure:18536: result: yes
configure:18536: checking attr/xattr.h presence
configure:18536: g++ -E  conftest.cpp
configure:18536: $? = 0
configure:18536: result: yes
configure:18536: checking for attr/xattr.h
configure:18536: result: yes
configure:18536: checking for dlfcn.h
configure:18536: result: yes
configure:18536: checking regex.h usability
configure:18536: g++ -c -fPIC -g -O2 -DNDEBUG  conftest.cpp >&5
configure:18536: $? = 0
configure:18536: result: yes
configure:18536: checking regex.h presence
configure:18536: g++ -E  conftest.cpp
configure:18536: $? = 0
configure:18536: result: yes
configure:18536: checking for regex.h
configure:18536: result: yes
configure:18536: checking fnmatch.h usability
configure:18536: g++ -c -fPIC -g -O2 -DNDEBUG  conftest.cpp >&5
configure:18536: $? = 0
configure:18536: result: yes
configure:18536: checking fnmatch.h presence
configure:18536: g++ -E  conftest.cpp
configure:18536: $? = 0
configure:18536: result: yes
configure:18536: checking for fnmatch.h
configure:18536: result: yes
configure:18536: checking pwd.h usability
configure:18536: g++ -c -fPIC -g -O2 -DNDEBUG  conftest.cpp >&5
configure:18536: $? = 0
configure:18536: result: yes
configure:18536: checking pwd.h presence
configure:18536: g++ -E  conftest.cpp
configure:18536: $? = 0
configure:18536: result: yes
configure:18536: checking for pwd.h
configure:18536: result: yes
configure:18548: checking for MIMEINFO
configure:18555: $PKG_CONFIG --exists --print-errors "shared-mime-info "
configure:18558: $? = 0
configure:18571: $PKG_CONFIG --exists --print-errors "shared-mime-info "
configure:18574: $? = 0
configure:18633: result: yes
configure:18646: checking for EXIV2
configure:18653: $PKG_CONFIG --exists --print-errors "exiv2 >= 0.18 "
configure:18656: $? = 0
configure:18669: $PKG_CONFIG --exists --print-errors "exiv2 >= 0.18 "
configure:18672: $? = 0
configure:18731: result: yes
configure:18739: checking for TAGLIB
configure:18746: $PKG_CONFIG --exists --print-errors "taglib >= 1.4 "
configure:18749: $? = 0
configure:18762: $PKG_CONFIG --exists --print-errors "taglib >= 1.4 "
configure:18765: $? = 0
configure:18824: result: yes
configure:18832: checking for SQL
configure:18839: $PKG_CONFIG --exists --print-errors "sqlite3 >= 3.1 "
configure:18842: $? = 0
configure:18855: $PKG_CONFIG --exists --print-errors "sqlite3 >= 3.1 "
configure:18858: $? = 0
configure:18917: result: yes
configure:18929: checking for GMIME
configure:18936: $PKG_CONFIG --exists --print-errors "gmime-2.4 >= 2.0"
configure:18939: $? = 0
configure:18952: $PKG_CONFIG --exists --print-errors "gmime-2.4 >= 2.0"
configure:18955: $? = 0
configure:19172: result: yes
configure:19180: checking for XML
configure:19187: $PKG_CONFIG --exists --print-errors "libxml++-2.6 >= 2.12 "
configure:19190: $? = 0
configure:19203: $PKG_CONFIG --exists --print-errors "libxml++-2.6 >= 2.12 "
configure:19206: $? = 0
configure:19265: result: yes
configure:19277: checking for SIGCPP
configure:19284: $PKG_CONFIG --exists --print-errors "sigc++-2.0 >= 2.0 "
configure:19287: $? = 0
configure:19300: $PKG_CONFIG --exists --print-errors "sigc++-2.0 >= 2.0 "
configure:19303: $? = 0
configure:19362: result: yes
configure:19370: checking for GTHREAD
configure:19377: $PKG_CONFIG --exists --print-errors "gthread-2.0 >= 2.6 "
configure:19380: $? = 0
configure:19393: $PKG_CONFIG --exists --print-errors "gthread-2.0 >= 2.6 "
configure:19396: $? = 0
configure:19455: result: yes
configure:19463: checking for GLIBMM
configure:19470: $PKG_CONFIG --exists --print-errors "glibmm-2.4 >= 2.6 "
configure:19473: $? = 0
configure:19486: $PKG_CONFIG --exists --print-errors "glibmm-2.4 >= 2.6 "
configure:19489: $? = 0
configure:19548: result: yes
configure:19554: checking whether to target gtkmm 3
configure:19658: result: "no"
configure:19662: checking for GTKMM
configure:19669: $PKG_CONFIG --exists --print-errors "gtkmm-2.4 >= 2.10 "
configure:19672: $? = 0
configure:19685: $PKG_CONFIG --exists --print-errors "gtkmm-2.4 >= 2.10 "
configure:19688: $? = 0
configure:19747: result: yes
configure:19757: checking for GIO
configure:19764: $PKG_CONFIG --exists --print-errors "gio-2.0"
configure:19767: $? = 0
configure:19780: $PKG_CONFIG --exists --print-errors "gio-2.0"
configure:19783: $? = 0
configure:19842: result: yes
configure:19854: checking for fork
configure:19854: g++ -o conftest -fPIC -g -O2 -DNDEBUG   conftest.cpp  >&5
configure:19854: $? = 0
configure:19854: result: yes
configure:19865: checking for getloadavg
configure:19865: g++ -o conftest -fPIC -g -O2 -DNDEBUG   conftest.cpp  >&5
configure:19865: $? = 0
configure:19865: result: yes
configure:19876: checking for gettimeofday
configure:19876: g++ -o conftest -fPIC -g -O2 -DNDEBUG   conftest.cpp  >&5
configure:19876: $? = 0
configure:19876: result: yes
configure:19887: checking for gmtime_r
configure:19887: g++ -o conftest -fPIC -g -O2 -DNDEBUG   conftest.cpp  >&5
configure:19887: $? = 0
configure:19887: result: yes
configure:19898: checking for kill
configure:19898: g++ -o conftest -fPIC -g -O2 -DNDEBUG   conftest.cpp  >&5
configure:19898: $? = 0
configure:19898: result: yes
configure:19909: checking for localtime_r
configure:19909: g++ -o conftest -fPIC -g -O2 -DNDEBUG   conftest.cpp  >&5
configure:19909: $? = 0
configure:19909: result: yes
configure:19920: checking for lstat
configure:19920: g++ -o conftest -fPIC -g -O2 -DNDEBUG   conftest.cpp  >&5
configure:19920: $? = 0
configure:19920: result: yes
configure:19931: checking for madvise
configure:19931: g++ -o conftest -fPIC -g -O2 -DNDEBUG   conftest.cpp  >&5
configure:19931: $? = 0
configure:19931: result: yes
configure:19942: checking for mallinfo
configure:19942: g++ -o conftest -fPIC -g -O2 -DNDEBUG   conftest.cpp  >&5
configure:19942: $? = 0
configure:19942: result: yes
configure:19953: checking for malloc_trim
configure:19953: g++ -o conftest -fPIC -g -O2 -DNDEBUG   conftest.cpp  >&5
configure:19953: $? = 0
configure:19953: result: yes
configure:19964: checking for mkstemp
configure:19964: g++ -o conftest -fPIC -g -O2 -DNDEBUG   conftest.cpp  >&5
configure:19964: $? = 0
configure:19964: result: yes
configure:19975: checking for mmap
configure:19975: g++ -o conftest -fPIC -g -O2 -DNDEBUG   conftest.cpp  >&5
configure:19975: $? = 0
configure:19975: result: yes
configure:19986: checking for pipe
configure:19986: g++ -o conftest -fPIC -g -O2 -DNDEBUG   conftest.cpp  >&5
configure:19986: $? = 0
configure:19986: result: yes
configure:19997: checking for setrlimit
configure:19997: g++ -o conftest -fPIC -g -O2 -DNDEBUG   conftest.cpp  >&5
configure:19997: $? = 0
configure:19997: result: yes
configure:20008: checking for sigaction
configure:20008: g++ -o conftest -fPIC -g -O2 -DNDEBUG   conftest.cpp  >&5
configure:20008: $? = 0
configure:20008: result: yes
configure:20019: checking for socketpair
configure:20019: g++ -o conftest -fPIC -g -O2 -DNDEBUG   conftest.cpp  >&5
configure:20019: $? = 0
configure:20019: result: yes
configure:20030: checking for statfs
configure:20030: g++ -o conftest -fPIC -g -O2 -DNDEBUG   conftest.cpp  >&5
configure:20030: $? = 0
configure:20030: result: yes
configure:20041: checking for statvfs
configure:20041: g++ -o conftest -fPIC -g -O2 -DNDEBUG   conftest.cpp  >&5
configure:20041: $? = 0
configure:20041: result: yes
configure:20052: checking for strptime
configure:20052: g++ -o conftest -fPIC -g -O2 -DNDEBUG   conftest.cpp  >&5
configure:20052: $? = 0
configure:20052: result: yes
configure:20063: checking for sysconf
configure:20063: g++ -o conftest -fPIC -g -O2 -DNDEBUG   conftest.cpp  >&5
configure:20063: $? = 0
configure:20063: result: yes
configure:20074: checking for sysctlbyname
configure:20074: g++ -o conftest -fPIC -g -O2 -DNDEBUG   conftest.cpp  >&5
/tmp/ccAdaPEn.o: In function `main':
/root/PINOT/1.05/pinot-1.05/conftest.cpp:106: undefined reference to `sysctlbyname'
collect2: error: ld returned 1 exit status
configure:20074: $? = 1
configure: failed program was:
| /* confdefs.h */
| #define PACKAGE_NAME "pinot"
| #define PACKAGE_TARNAME "pinot"
| #define PACKAGE_VERSION "1.05"
| #define PACKAGE_STRING "pinot 1.05"
| #define PACKAGE_BUGREPORT "fabrice.colin@gmail.com"
| #define PACKAGE_URL ""
| #define PACKAGE "pinot"
| #define VERSION "1.05"
| #define STDC_HEADERS 1
| #define HAVE_SYS_TYPES_H 1
| #define HAVE_SYS_STAT_H 1
| #define HAVE_STDLIB_H 1
| #define HAVE_STRING_H 1
| #define HAVE_MEMORY_H 1
| #define HAVE_STRINGS_H 1
| #define HAVE_INTTYPES_H 1
| #define HAVE_STDINT_H 1
| #define HAVE_UNISTD_H 1
| #define HAVE_DLFCN_H 1
| #define LT_OBJDIR ".libs/"
| #define PINOT_INDEX_MIN_VERSION "0.92"
| #define GETTEXT_PACKAGE "pinot"
| #define HAVE_LOCALE_H 1
| #define HAVE_LC_MESSAGES 1
| #define HAVE_BIND_TEXTDOMAIN_CODESET 1
| #define HAVE_GETTEXT 1
| #define HAVE_DCGETTEXT 1
| #define ENABLE_NLS 1
| #define PACKAGE_LOCALE_DIR "/home/Pinot/.App/ioPinot1.05-Debian7/Linux-ia32/share/locale"
| #define PREFIX "/home/Pinot/.App/ioPinot1.05-Debian7/Linux-ia32"
| #define SYSCONFDIR "/home/Pinot/.App/ioPinot1.05-Debian7/Linux-ia32/etc"
| #define LIBDIR "/home/Pinot/.App/ioPinot1.05-Debian7/Linux-ia32/lib"
| #define DBUS_SERVICES_DIR "${prefix}/share/dbus-1/services"
| #define DBUS_NUM_VERSION 1006008
| #define XAPIAN_NUM_VERSION 1002012
| #define HAVE_SYS_INOTIFY_H 1
| #define HAVE_BOOST_SPIRIT_CORE_HPP 1
| #define HAVE_EXT_MALLOC_ALLOCATOR_H 1
| #define HAVE_LIBEXTTEXTCAT_TEXTCAT_H 1
| #define HAVE_SYS_VFS_H 1
| #define HAVE_SYS_STATFS_H 1
| #define HAVE_SYS_MOUNT_H 1
| #define HAVE_SYS_STATVFS_H 1
| #define HAVE_ATTR_XATTR_H 1
| #define HAVE_DLFCN_H 1
| #define HAVE_REGEX_H 1
| #define HAVE_FNMATCH_H 1
| #define HAVE_PWD_H 1
| #define SHARED_MIME_INFO_PREFIX "/usr"
| #define HAVE_FORK 1
| #define HAVE_GETLOADAVG 1
| #define HAVE_GETTIMEOFDAY 1
| #define HAVE_GMTIME_R 1
| #define HAVE_KILL 1
| #define HAVE_LOCALTIME_R 1
| #define HAVE_LSTAT 1
| #define HAVE_MADVISE 1
| #define HAVE_MALLINFO 1
| #define HAVE_MALLOC_TRIM 1
| #define HAVE_MKSTEMP 1
| #define HAVE_MMAP 1
| #define HAVE_PIPE 1
| #define HAVE_SETRLIMIT 1
| #define HAVE_SIGACTION 1
| #define HAVE_SOCKETPAIR 1
| #define HAVE_STATFS 1
| #define HAVE_STATVFS 1
| #define HAVE_STRPTIME 1
| #define HAVE_SYSCONF 1
| /* end confdefs.h.  */
| /* Define sysctlbyname to an innocuous variant, in case <limits.h> declares sysctlbyname.
|    For example, HP-UX 11i <limits.h> declares gettimeofday.  */
| #define sysctlbyname innocuous_sysctlbyname
| 
| /* System header to define __stub macros and hopefully few prototypes,
|     which can conflict with char sysctlbyname (); below.
|     Prefer <limits.h> to <assert.h> if __STDC__ is defined, since
|     <limits.h> exists even on freestanding compilers.  */
| 
| #ifdef __STDC__
| # include <limits.h>
| #else
| # include <assert.h>
| #endif
| 
| #undef sysctlbyname
| 
| /* Override any GCC internal prototype to avoid an error.
|    Use char because int might match the return type of a GCC
|    builtin and then its argument prototype would still apply.  */
| #ifdef __cplusplus
| extern "C"
| #endif
| char sysctlbyname ();
| /* The GNU C library defines this for functions which it implements
|     to always fail with ENOSYS.  Some functions are actually named
|     something starting with __ and the normal name is an alias.  */
| #if defined __stub_sysctlbyname || defined __stub___sysctlbyname
| choke me
| #endif
| 
| int
| main ()
| {
| return sysctlbyname ();
|   ;
|   return 0;
| }
configure:20074: result: no
configure:20085: checking for timegm
configure:20085: g++ -o conftest -fPIC -g -O2 -DNDEBUG   conftest.cpp  >&5
configure:20085: $? = 0
configure:20085: result: yes
configure:20096: checking for vsnprintf
configure:20096: g++ -o conftest -fPIC -g -O2 -DNDEBUG   conftest.cpp  >&5
configure:20096: $? = 0
configure:20096: result: yes
configure:20314: creating ./config.status

## ---------------------- ##
## Running config.status. ##
## ---------------------- ##

This file was extended by pinot config.status 1.05, which was
generated by GNU Autoconf 2.68.  Invocation command line was

  CONFIG_FILES    = 
  CONFIG_HEADERS  = 
  CONFIG_LINKS    = 
  CONFIG_COMMANDS = 
  $ ./config.status 

on linux-desktop

config.status:1307: creating pinot.spec
config.status:1307: creating Core/de.berlios.Pinot.service
config.status:1307: creating Makefile
config.status:1307: creating Utils/Makefile
config.status:1307: creating Tokenize/Makefile
config.status:1307: creating SQL/Makefile
config.status:1307: creating po/Makefile.in
config.status:1415: WARNING:  'po/Makefile.in.in' seems to ignore the --datarootdir setting
config.status:1307: creating Collect/Makefile
config.status:1307: creating IndexSearch/Xapian/Makefile
config.status:1307: creating IndexSearch/Makefile
config.status:1307: creating Monitor/Makefile
config.status:1307: creating Core/Makefile
config.status:1307: creating UI/GTK2/src/Makefile
config.status:1307: creating config.h
config.status:1536: executing depfiles commands
config.status:1536: executing libtool commands
config.status:1536: executing default-1 commands

## ---------------- ##
## Cache variables. ##
## ---------------- ##

ac_cv_build=i686-pc-linux-gnu
ac_cv_c_compiler_gnu=yes
ac_cv_cxx_compiler_gnu=yes
ac_cv_env_CCC_set=
ac_cv_env_CCC_value=
ac_cv_env_CC_set=
ac_cv_env_CC_value=
ac_cv_env_CFLAGS_set=
ac_cv_env_CFLAGS_value=
ac_cv_env_CPPFLAGS_set=
ac_cv_env_CPPFLAGS_value=
ac_cv_env_CPP_set=
ac_cv_env_CPP_value=
ac_cv_env_CXXCPP_set=
ac_cv_env_CXXCPP_value=
ac_cv_env_CXXFLAGS_set=
ac_cv_env_CXXFLAGS_value=
ac_cv_env_CXX_set=
ac_cv_env_CXX_value=
ac_cv_env_DBUS_CFLAGS_set=
ac_cv_env_DBUS_CFLAGS_value=
ac_cv_env_DBUS_LIBS_set=
ac_cv_env_DBUS_LIBS_value=
ac_cv_env_EXIV2_CFLAGS_set=
ac_cv_env_EXIV2_CFLAGS_value=
ac_cv_env_EXIV2_LIBS_set=
ac_cv_env_EXIV2_LIBS_value=
ac_cv_env_GIO_CFLAGS_set=
ac_cv_env_GIO_CFLAGS_value=
ac_cv_env_GIO_LIBS_set=
ac_cv_env_GIO_LIBS_value=
ac_cv_env_GLIBMM_CFLAGS_set=
ac_cv_env_GLIBMM_CFLAGS_value=
ac_cv_env_GLIBMM_LIBS_set=
ac_cv_env_GLIBMM_LIBS_value=
ac_cv_env_GMIME_CFLAGS_set=
ac_cv_env_GMIME_CFLAGS_value=
ac_cv_env_GMIME_LIBS_set=
ac_cv_env_GMIME_LIBS_value=
ac_cv_env_GTHREAD_CFLAGS_set=
ac_cv_env_GTHREAD_CFLAGS_value=
ac_cv_env_GTHREAD_LIBS_set=
ac_cv_env_GTHREAD_LIBS_value=
ac_cv_env_GTKMM_CFLAGS_set=
ac_cv_env_GTKMM_CFLAGS_value=
ac_cv_env_GTKMM_LIBS_set=
ac_cv_env_GTKMM_LIBS_value=
ac_cv_env_LDFLAGS_set=
ac_cv_env_LDFLAGS_value=
ac_cv_env_LIBS_set=
ac_cv_env_LIBS_value=
ac_cv_env_MIMEINFO_CFLAGS_set=
ac_cv_env_MIMEINFO_CFLAGS_value=
ac_cv_env_MIMEINFO_LIBS_set=
ac_cv_env_MIMEINFO_LIBS_value=
ac_cv_env_NEON_CFLAGS_set=
ac_cv_env_NEON_CFLAGS_value=
ac_cv_env_NEON_LIBS_set=
ac_cv_env_NEON_LIBS_value=
ac_cv_env_PKG_CONFIG_LIBDIR_set=
ac_cv_env_PKG_CONFIG_LIBDIR_value=
ac_cv_env_PKG_CONFIG_PATH_set=
ac_cv_env_PKG_CONFIG_PATH_value=
ac_cv_env_PKG_CONFIG_set=
ac_cv_env_PKG_CONFIG_value=
ac_cv_env_SIGCPP_CFLAGS_set=
ac_cv_env_SIGCPP_CFLAGS_value=
ac_cv_env_SIGCPP_LIBS_set=
ac_cv_env_SIGCPP_LIBS_value=
ac_cv_env_SQL_CFLAGS_set=
ac_cv_env_SQL_CFLAGS_value=
ac_cv_env_SQL_LIBS_set=
ac_cv_env_SQL_LIBS_value=
ac_cv_env_SSL_CFLAGS_set=
ac_cv_env_SSL_CFLAGS_value=
ac_cv_env_SSL_LIBS_set=
ac_cv_env_SSL_LIBS_value=
ac_cv_env_TAGLIB_CFLAGS_set=
ac_cv_env_TAGLIB_CFLAGS_value=
ac_cv_env_TAGLIB_LIBS_set=
ac_cv_env_TAGLIB_LIBS_value=
ac_cv_env_XML_CFLAGS_set=
ac_cv_env_XML_CFLAGS_value=
ac_cv_env_XML_LIBS_set=
ac_cv_env_XML_LIBS_value=
ac_cv_env_build_alias_set=
ac_cv_env_build_alias_value=
ac_cv_env_host_alias_set=
ac_cv_env_host_alias_value=
ac_cv_env_target_alias_set=
ac_cv_env_target_alias_value=
ac_cv_func_bind_textdomain_codeset=yes
ac_cv_func_dcgettext=yes
ac_cv_func_fork=yes
ac_cv_func_getloadavg=yes
ac_cv_func_gettimeofday=yes
ac_cv_func_gmtime_r=yes
ac_cv_func_kill=yes
ac_cv_func_localtime_r=yes
ac_cv_func_lstat=yes
ac_cv_func_madvise=yes
ac_cv_func_mallinfo=yes
ac_cv_func_malloc_trim=yes
ac_cv_func_mkstemp=yes
ac_cv_func_mmap=yes
ac_cv_func_pipe=yes
ac_cv_func_setrlimit=yes
ac_cv_func_sigaction=yes
ac_cv_func_socketpair=yes
ac_cv_func_statfs=yes
ac_cv_func_statvfs=yes
ac_cv_func_strptime=yes
ac_cv_func_sysconf=yes
ac_cv_func_sysctlbyname=no
ac_cv_func_timegm=yes
ac_cv_func_vsnprintf=yes
ac_cv_header_attr_xattr_h=yes
ac_cv_header_boost_spirit_core_hpp=yes
ac_cv_header_dlfcn_h=yes
ac_cv_header_ext_malloc_allocator_h=yes
ac_cv_header_fnmatch_h=yes
ac_cv_header_inttypes_h=yes
ac_cv_header_libexttextcat_textcat_h=yes
ac_cv_header_libintl_h=yes
ac_cv_header_libtextcat_textcat_h=no
ac_cv_header_locale_h=yes
ac_cv_header_memory_h=yes
ac_cv_header_pwd_h=yes
ac_cv_header_regex_h=yes
ac_cv_header_stdc=yes
ac_cv_header_stdint_h=yes
ac_cv_header_stdlib_h=yes
ac_cv_header_string_h=yes
ac_cv_header_strings_h=yes
ac_cv_header_sys_inotify_h=yes
ac_cv_header_sys_mount_h=yes
ac_cv_header_sys_stat_h=yes
ac_cv_header_sys_statfs_h=yes
ac_cv_header_sys_statvfs_h=yes
ac_cv_header_sys_types_h=yes
ac_cv_header_sys_vfs_h=yes
ac_cv_header_textcat_h=no
ac_cv_header_unistd_h=yes
ac_cv_host=i686-pc-linux-gnu
ac_cv_lib_dl_dlopen=yes
ac_cv_objext=o
ac_cv_path_CURL_CONFIG=/usr/bin/curl-config
ac_cv_path_DESKTOP_INSTALL=/usr/bin/desktop-file-install
ac_cv_path_EGREP='/bin/grep -E'
ac_cv_path_FGREP='/bin/grep -F'
ac_cv_path_GMSGFMT=/usr/bin/msgfmt
ac_cv_path_GREP=/bin/grep
ac_cv_path_MSGFMT=/usr/bin/msgfmt
ac_cv_path_PKG_CONFIG=/usr/bin/pkg-config
ac_cv_path_SED=/bin/sed
ac_cv_path_XAPIAN_CONFIG=/usr/bin/xapian-config
ac_cv_path_XGETTEXT=/usr/bin/xgettext
ac_cv_path_install='/usr/bin/install -c'
ac_cv_path_mkdir=/bin/mkdir
ac_cv_prog_AWK=gawk
ac_cv_prog_CPP='gcc -E'
ac_cv_prog_CXXCPP='g++ -E'
ac_cv_prog_ac_ct_AR=ar
ac_cv_prog_ac_ct_CC=gcc
ac_cv_prog_ac_ct_CXX=g++
ac_cv_prog_ac_ct_MANIFEST_TOOL=mt
ac_cv_prog_ac_ct_OBJDUMP=objdump
ac_cv_prog_ac_ct_RANLIB=ranlib
ac_cv_prog_ac_ct_STRIP=strip
ac_cv_prog_cc_c89=
ac_cv_prog_cc_g=yes
ac_cv_prog_cxx_g=yes
ac_cv_prog_make_make_set=yes
ac_cv_search_strerror='none required'
am_cv_CC_dependencies_compiler_type=gcc3
am_cv_CXX_dependencies_compiler_type=gcc3
am_cv_val_LC_MESSAGES=yes
gt_cv_func_dgettext_libc=yes
gt_cv_func_dgettext_libintl=no
gt_cv_func_ngettext_libc=yes
gt_cv_have_gettext=yes
lt_cv_ar_at_file=@
lt_cv_archive_cmds_need_lc=no
lt_cv_deplibs_check_method=pass_all
lt_cv_file_magic_cmd='$MAGIC_CMD'
lt_cv_file_magic_test_file=
lt_cv_ld_reload_flag=-r
lt_cv_nm_interface='BSD nm'
lt_cv_objdir=.libs
lt_cv_path_LD=/usr/bin/ld
lt_cv_path_LDCXX=/usr/bin/ld
lt_cv_path_NM='/usr/bin/nm -B'
lt_cv_path_mainfest_tool=no
lt_cv_prog_compiler_c_o=yes
lt_cv_prog_compiler_c_o_CXX=yes
lt_cv_prog_compiler_pic='-fPIC -DPIC'
lt_cv_prog_compiler_pic_CXX='-fPIC -DPIC'
lt_cv_prog_compiler_pic_works=yes
lt_cv_prog_compiler_pic_works_CXX=yes
lt_cv_prog_compiler_rtti_exceptions=no
lt_cv_prog_compiler_static_works=yes
lt_cv_prog_compiler_static_works_CXX=yes
lt_cv_prog_gnu_ld=yes
lt_cv_prog_gnu_ldcxx=yes
lt_cv_sharedlib_from_linklib_cmd='printf %s\n'
lt_cv_shlibpath_overrides_runpath=no
lt_cv_sys_global_symbol_pipe='sed -n -e '\''s/^.*[	 ]\([ABCDGIRSTW][ABCDGIRSTW]*\)[	 ][	 ]*\([_A-Za-z][_A-Za-z0-9]*\)$/\1 \2 \2/p'\'' | sed '\''/ __gnu_lto/d'\'''
lt_cv_sys_global_symbol_to_c_name_address='sed -n -e '\''s/^: \([^ ]*\)[ ]*$/  {\"\1\", (void *) 0},/p'\'' -e '\''s/^[ABCDGIRSTW]* \([^ ]*\) \([^ ]*\)$/  {"\2", (void *) \&\2},/p'\'''
lt_cv_sys_global_symbol_to_c_name_address_lib_prefix='sed -n -e '\''s/^: \([^ ]*\)[ ]*$/  {\"\1\", (void *) 0},/p'\'' -e '\''s/^[ABCDGIRSTW]* \([^ ]*\) \(lib[^ ]*\)$/  {"\2", (void *) \&\2},/p'\'' -e '\''s/^[ABCDGIRSTW]* \([^ ]*\) \([^ ]*\)$/  {"lib\2", (void *) \&\2},/p'\'''
lt_cv_sys_global_symbol_to_cdecl='sed -n -e '\''s/^T .* \(.*\)$/extern int \1();/p'\'' -e '\''s/^[ABCDGIRSTW]* .* \(.*\)$/extern char \1;/p'\'''
lt_cv_sys_max_cmd_len=1572864
lt_cv_to_host_file_cmd=func_convert_file_noop
lt_cv_to_tool_file_cmd=func_convert_file_noop
pkg_cv_DBUS_CFLAGS='-I/usr/include/dbus-1.0 -I/usr/lib/i386-linux-gnu/dbus-1.0/include -I/usr/include/glib-2.0 -I/usr/lib/i386-linux-gnu/glib-2.0/include  '
pkg_cv_DBUS_LIBS='-ldbus-glib-1 -ldbus-1 -lgobject-2.0 -lglib-2.0  '
pkg_cv_EXIV2_CFLAGS=' '
pkg_cv_EXIV2_LIBS='-lexiv2  '
pkg_cv_GIO_CFLAGS='-pthread -I/usr/include/glib-2.0 -I/usr/lib/i386-linux-gnu/glib-2.0/include  '
pkg_cv_GIO_LIBS='-lgio-2.0 -lgobject-2.0 -lglib-2.0  '
pkg_cv_GLIBMM_CFLAGS='-I/usr/include/glibmm-2.4 -I/usr/lib/i386-linux-gnu/glibmm-2.4/include -I/usr/include/sigc++-2.0 -I/usr/lib/i386-linux-gnu/sigc++-2.0/include -I/usr/include/glib-2.0 -I/usr/lib/i386-linux-gnu/glib-2.0/include  '
pkg_cv_GLIBMM_LIBS='-lglibmm-2.4 -lgobject-2.0 -lsigc-2.0 -lglib-2.0  '
pkg_cv_GMIME_CFLAGS='-D_LARGEFILE64_SOURCE -D_FILE_OFFSET_BITS=64 -I/usr/include/glib-2.0 -I/usr/lib/i386-linux-gnu/glib-2.0/include -I/usr/include/gmime-2.4  '
pkg_cv_GMIME_LIBS='-lgmime-2.4 -lgobject-2.0 -lglib-2.0  '
pkg_cv_GTHREAD_CFLAGS='-pthread -I/usr/include/glib-2.0 -I/usr/lib/i386-linux-gnu/glib-2.0/include  '
pkg_cv_GTHREAD_LIBS='-pthread -lgthread-2.0 -lrt -lglib-2.0  '
pkg_cv_GTKMM_CFLAGS='-pthread -I/usr/include/giomm-2.4 -I/usr/lib/i386-linux-gnu/giomm-2.4/include -I/usr/include/gtk-2.0 -I/usr/include/gtk-unix-print-2.0 -I/usr/include/atk-1.0 -I/usr/include/glibmm-2.4 -I/usr/lib/i386-linux-gnu/glibmm-2.4/include -I/usr/include/glib-2.0 -I/usr/lib/i386-linux-gnu/glib-2.0/include -I/usr/include/sigc++-2.0 -I/usr/lib/i386-linux-gnu/sigc++-2.0/include -I/usr/include/pango-1.0 -I/usr/include/cairo -I/usr/include/pixman-1 -I/usr/include/freetype2 -I/usr/include/libpng12 -I/usr/lib/i386-linux-gnu/gtk-2.0/include -I/usr/include/gdk-pixbuf-2.0 -I/usr/include/gio-unix-2.0/ -I/usr/include/gtkmm-2.4 -I/usr/lib/gtkmm-2.4/include -I/usr/include/atkmm-1.6 -I/usr/include/pangomm-1.4 -I/usr/lib/pangomm-1.4/include -I/usr/include/gdkmm-2.4 -I/usr/lib/gdkmm-2.4/include -I/usr/include/cairomm-1.0 -I/usr/lib/cairomm-1.0/include  '
pkg_cv_GTKMM_LIBS='-lgtkmm-2.4 -latkmm-1.6 -lgdkmm-2.4 -lgiomm-2.4 -lpangomm-1.4 -lgtk-x11-2.0 -lglibmm-2.4 -lcairomm-1.0 -lsigc-2.0 -lgdk-x11-2.0 -latk-1.0 -lgio-2.0 -lpangoft2-1.0 -lpangocairo-1.0 -lgdk_pixbuf-2.0 -lcairo -lpango-1.0 -lfreetype -lfontconfig -lgobject-2.0 -lglib-2.0  '
pkg_cv_MIMEINFO_CFLAGS=' '
pkg_cv_MIMEINFO_LIBS=' '
pkg_cv_SIGCPP_CFLAGS='-I/usr/include/sigc++-2.0 -I/usr/lib/i386-linux-gnu/sigc++-2.0/include  '
pkg_cv_SIGCPP_LIBS='-lsigc-2.0  '
pkg_cv_SQL_CFLAGS=' '
pkg_cv_SQL_LIBS='-lsqlite3  '
pkg_cv_SSL_CFLAGS=' '
pkg_cv_SSL_LIBS='-lssl -lcrypto  '
pkg_cv_TAGLIB_CFLAGS='-I/usr/include/taglib  '
pkg_cv_TAGLIB_LIBS='-ltag  '
pkg_cv_XML_CFLAGS='-I/usr/include/libxml2 -I/usr/include/glibmm-2.4 -I/usr/lib/i386-linux-gnu/glibmm-2.4/include -I/usr/include/sigc++-2.0 -I/usr/lib/i386-linux-gnu/sigc++-2.0/include -I/usr/include/glib-2.0 -I/usr/lib/i386-linux-gnu/glib-2.0/include -I/usr/include/libxml++-2.6 -I/usr/lib/libxml++-2.6/include  '
pkg_cv_XML_LIBS='-lxml++-2.6 -lxml2 -lglibmm-2.4 -lgobject-2.0 -lsigc-2.0 -lglib-2.0  '

## ----------------- ##
## Output variables. ##
## ----------------- ##

ACLOCAL='${SHELL} /root/PINOT/1.05/pinot-1.05/missing --run aclocal-1.11'
AMDEPBACKSLASH='\'
AMDEP_FALSE='#'
AMDEP_TRUE=''
AMTAR='$${TAR-tar}'
AR='ar'
AUTOCONF='${SHELL} /root/PINOT/1.05/pinot-1.05/missing --run autoconf'
AUTOHEADER='${SHELL} /root/PINOT/1.05/pinot-1.05/missing --run autoheader'
AUTOMAKE='${SHELL} /root/PINOT/1.05/pinot-1.05/missing --run automake-1.11'
AWK='gawk'
BINDIR='/home/Pinot/.App/ioPinot1.05-Debian7/Linux-ia32/bin'
CATALOGS=' cs.gmo de.gmo es.gmo fr.gmo he.gmo it.gmo ja.gmo nl.gmo pt.gmo pt_BR.gmo ru.gmo sv.gmo zh_CN.gmo zh_TW.gmo'
CATOBJEXT='.gmo'
CC='gcc'
CCDEPMODE='depmode=gcc3'
CFLAGS='-g -O2'
CPP='gcc -E'
CPPFLAGS=''
CURL_CONFIG='/usr/bin/curl-config'
CXX='g++'
CXXCPP='g++ -E'
CXXDEPMODE='depmode=gcc3'
CXXFLAGS='-fPIC -g -O2 -DNDEBUG'
CYGPATH_W='echo'
DATADIR='${prefix}/share'
DATADIRNAME='share'
DBUS_CFLAGS='-I/usr/include/dbus-1.0 -I/usr/lib/i386-linux-gnu/dbus-1.0/include -I/usr/include/glib-2.0 -I/usr/lib/i386-linux-gnu/glib-2.0/include  '
DBUS_LIBS='-ldbus-glib-1 -ldbus-1 -lgobject-2.0 -lglib-2.0  '
DBUS_SERVICES_DIR='${prefix}/share/dbus-1/services'
DEFS='-DHAVE_CONFIG_H'
DEPDIR='.deps'
DESKTOP_INSTALL='/usr/bin/desktop-file-install'
DLLTOOL='false'
DL_LIBS='-ldl'
DSYMUTIL=''
DUMPBIN=''
ECHO_C=''
ECHO_N='-n'
ECHO_T=''
EGREP='/bin/grep -E'
EXEEXT=''
EXIV2_CFLAGS=' '
EXIV2_LIBS='-lexiv2  '
FGREP='/bin/grep -F'
GETTEXT_PACKAGE='pinot'
GIO_CFLAGS='-pthread -I/usr/include/glib-2.0 -I/usr/lib/i386-linux-gnu/glib-2.0/include  '
GIO_LIBS='-lgio-2.0 -lgobject-2.0 -lglib-2.0  '
GLIBMM_CFLAGS=' -DUSE_GIO -pthread -I/usr/include/glib-2.0 -I/usr/lib/i386-linux-gnu/glib-2.0/include   -I/usr/include/glibmm-2.4 -I/usr/lib/i386-linux-gnu/glibmm-2.4/include -I/usr/include/sigc++-2.0 -I/usr/lib/i386-linux-gnu/sigc++-2.0/include -I/usr/include/glib-2.0 -I/usr/lib/i386-linux-gnu/glib-2.0/include  '
GLIBMM_LIBS='-lgio-2.0 -lgobject-2.0 -lglib-2.0   -lglibmm-2.4 -lgobject-2.0 -lsigc-2.0 -lglib-2.0  '
GMIME_CFLAGS='-D_LARGEFILE64_SOURCE -D_FILE_OFFSET_BITS=64 -I/usr/include/glib-2.0 -I/usr/lib/i386-linux-gnu/glib-2.0/include -I/usr/include/gmime-2.4  '
GMIME_LIBS='-lgmime-2.4 -lgobject-2.0 -lglib-2.0  '
GMOFILES=' cs.gmo de.gmo es.gmo fr.gmo he.gmo it.gmo ja.gmo nl.gmo pt.gmo pt_BR.gmo ru.gmo sv.gmo zh_CN.gmo zh_TW.gmo'
GMSGFMT='/usr/bin/msgfmt'
GREP='/bin/grep'
GTHREAD_CFLAGS='-pthread -I/usr/include/glib-2.0 -I/usr/lib/i386-linux-gnu/glib-2.0/include  '
GTHREAD_LIBS='-pthread -lgthread-2.0 -lrt -lglib-2.0  '
GTKMM_CFLAGS=' -DUSE_GIO -pthread -I/usr/include/glib-2.0 -I/usr/lib/i386-linux-gnu/glib-2.0/include   -pthread -I/usr/include/giomm-2.4 -I/usr/lib/i386-linux-gnu/giomm-2.4/include -I/usr/include/gtk-2.0 -I/usr/include/gtk-unix-print-2.0 -I/usr/include/atk-1.0 -I/usr/include/glibmm-2.4 -I/usr/lib/i386-linux-gnu/glibmm-2.4/include -I/usr/include/glib-2.0 -I/usr/lib/i386-linux-gnu/glib-2.0/include -I/usr/include/sigc++-2.0 -I/usr/lib/i386-linux-gnu/sigc++-2.0/include -I/usr/include/pango-1.0 -I/usr/include/cairo -I/usr/include/pixman-1 -I/usr/include/freetype2 -I/usr/include/libpng12 -I/usr/lib/i386-linux-gnu/gtk-2.0/include -I/usr/include/gdk-pixbuf-2.0 -I/usr/include/gio-unix-2.0/ -I/usr/include/gtkmm-2.4 -I/usr/lib/gtkmm-2.4/include -I/usr/include/atkmm-1.6 -I/usr/include/pangomm-1.4 -I/usr/lib/pangomm-1.4/include -I/usr/include/gdkmm-2.4 -I/usr/lib/gdkmm-2.4/include -I/usr/include/cairomm-1.0 -I/usr/lib/cairomm-1.0/include  '
GTKMM_LIBS='-lgio-2.0 -lgobject-2.0 -lglib-2.0   -lgtkmm-2.4 -latkmm-1.6 -lgdkmm-2.4 -lgiomm-2.4 -lpangomm-1.4 -lgtk-x11-2.0 -lglibmm-2.4 -lcairomm-1.0 -lsigc-2.0 -lgdk-x11-2.0 -latk-1.0 -lgio-2.0 -lpangoft2-1.0 -lpangocairo-1.0 -lgdk_pixbuf-2.0 -lcairo -lpango-1.0 -lfreetype -lfontconfig -lgobject-2.0 -lglib-2.0  '
HAVE_BOOST_SPIRIT_FALSE='#'
HAVE_BOOST_SPIRIT_TRUE=''
HAVE_CHMLIB_FALSE=''
HAVE_CHMLIB_TRUE='#'
HAVE_DBUS_FALSE='#'
HAVE_DBUS_TRUE=''
HAVE_GIO_MIME_FALSE='#'
HAVE_GIO_MIME_TRUE=''
HAVE_LIBARCHIVE_FALSE=''
HAVE_LIBARCHIVE_TRUE='#'
HAVE_LINUX_INOTIFY_FALSE='#'
HAVE_LINUX_INOTIFY_TRUE=''
HAVE_TEXTCAT_CAT_FALSE=''
HAVE_TEXTCAT_CAT_TRUE='#'
HTTP_CFLAGS='    -DUSE_CURL -DUSE_SSL'
HTTP_DOWNLOADER='CurlDownloader'
HTTP_LIBS=' -L/usr/lib/i386-linux-gnu -lcurl -lssl -lcrypto  '
INDEX_CFLAGS=''
INDEX_LIBS='-lxapian -lexttextcat'
INSTALL_DATA='${INSTALL} -m 644'
INSTALL_PROGRAM='${INSTALL}'
INSTALL_SCRIPT='${INSTALL}'
INSTALL_STRIP_PROGRAM='$(install_sh) -c -s'
INSTOBJEXT='.mo'
INTLLIBS=''
LD='/usr/bin/ld'
LDFLAGS=''
LIBDIR='/home/Pinot/.App/ioPinot1.05-Debian7/Linux-ia32/lib'
LIBOBJS=''
LIBS=''
LIBTOOL='$(SHELL) $(top_builddir)/libtool'
LIPO=''
LN_S='ln -s'
LTLIBOBJS=''
MAKEINFO='${SHELL} /root/PINOT/1.05/pinot-1.05/missing --run makeinfo'
MANIFEST_TOOL=':'
MIMEINFO_CFLAGS=' '
MIMEINFO_LIBS=' '
MISC_CFLAGS='  -D_FILE_OFFSET_BITS=64'
MISC_LIBS='-pthread -ldl'
MKDIR_P='/bin/mkdir -p'
MKINSTALLDIRS='./mkinstalldirs'
MSGFMT='/usr/bin/msgfmt'
MSGFMT_OPTS='-c'
NEON_CFLAGS=''
NEON_LIBS=''
NM='/usr/bin/nm -B'
NMEDIT=''
OBJDUMP='objdump'
OBJEXT='o'
OTOOL64=''
OTOOL=''
PACKAGE='pinot'
PACKAGE_BUGREPORT='fabrice.colin@gmail.com'
PACKAGE_NAME='pinot'
PACKAGE_STRING='pinot 1.05'
PACKAGE_TARNAME='pinot'
PACKAGE_URL=''
PACKAGE_VERSION='1.05'
PATH_SEPARATOR=':'
PKG_CONFIG='/usr/bin/pkg-config'
PKG_CONFIG_LIBDIR=''
PKG_CONFIG_PATH=''
POFILES=' cs.po de.po es.po fr.po he.po it.po ja.po nl.po pt.po pt_BR.po ru.po sv.po zh_CN.po zh_TW.po'
POSUB='po'
PO_IN_DATADIR_FALSE=''
PO_IN_DATADIR_TRUE=''
PTHREAD_LIBS='-pthread'
RANLIB='ranlib'
SED='/bin/sed'
SET_MAKE=''
SHARED_MIME_INFO_PREFIX='/usr'
SHELL='/bin/bash'
SIGCPP_CFLAGS='-I/usr/include/sigc++-2.0 -I/usr/lib/i386-linux-gnu/sigc++-2.0/include  '
SIGCPP_LIBS='-lsigc-2.0  '
SQL_CFLAGS=' '
SQL_LIBS='-lsqlite3  '
SSL_CFLAGS=' '
SSL_LIBS='-lssl -lcrypto  '
STRIP='strip'
SYSCONFDIR='/home/Pinot/.App/ioPinot1.05-Debian7/Linux-ia32/etc'
TAGLIB_CFLAGS='-I/usr/include/taglib  '
TAGLIB_LIBS='-ltag  '
USE_NLS='yes'
VERSION='1.05'
XAPIAN_CONFIG='/usr/bin/xapian-config'
XGETTEXT='/usr/bin/xgettext'
XML_CFLAGS='-I/usr/include/libxml2 -I/usr/include/glibmm-2.4 -I/usr/lib/i386-linux-gnu/glibmm-2.4/include -I/usr/include/sigc++-2.0 -I/usr/lib/i386-linux-gnu/sigc++-2.0/include -I/usr/include/glib-2.0 -I/usr/lib/i386-linux-gnu/glib-2.0/include -I/usr/include/libxml++-2.6 -I/usr/lib/libxml++-2.6/include  '
XML_LIBS='-lxml++-2.6 -lxml2 -lglibmm-2.4 -lgobject-2.0 -lsigc-2.0 -lglib-2.0  '
ac_ct_AR='ar'
ac_ct_CC='gcc'
ac_ct_CXX='g++'
ac_ct_DUMPBIN=''
am__EXEEXT_FALSE=''
am__EXEEXT_TRUE='#'
am__fastdepCC_FALSE='#'
am__fastdepCC_TRUE=''
am__fastdepCXX_FALSE='#'
am__fastdepCXX_TRUE=''
am__include='include'
am__isrc=''
am__leading_dot='.'
am__nodep='_no'
am__quote=''
am__tar='$${TAR-tar} chof - "$$tardir"'
am__untar='$${TAR-tar} xf -'
bindir='${exec_prefix}/bin'
build='i686-pc-linux-gnu'
build_alias=''
build_cpu='i686'
build_os='linux-gnu'
build_vendor='pc'
datadir='${datarootdir}'
datarootdir='${prefix}/share'
docdir='${datarootdir}/doc/${PACKAGE_TARNAME}'
dvidir='${docdir}'
exec_prefix='${prefix}'
host='i686-pc-linux-gnu'
host_alias=''
host_cpu='i686'
host_os='linux-gnu'
host_vendor='pc'
htmldir='${docdir}'
includedir='${prefix}/include'
infodir='${datarootdir}/info'
install_sh='${SHELL} /root/PINOT/1.05/pinot-1.05/install-sh'
libdir='${exec_prefix}/lib'
libexecdir='${exec_prefix}/libexec'
localedir='${datarootdir}/locale'
localstatedir='${prefix}/var'
mandir='${datarootdir}/man'
mkdir_p='/bin/mkdir -p'
oldincludedir='/usr/include'
pdfdir='${docdir}'
prefix='/home/Pinot/.App/ioPinot1.05-Debian7/Linux-ia32'
program_transform_name='s,x,x,'
psdir='${docdir}'
sbindir='${exec_prefix}/sbin'
sharedstatedir='${prefix}/com'
sysconfdir='${prefix}/etc'
target_alias=''

## ----------- ##
## confdefs.h. ##
## ----------- ##

/* confdefs.h */
#define PACKAGE_NAME "pinot"
#define PACKAGE_TARNAME "pinot"
#define PACKAGE_VERSION "1.05"
#define PACKAGE_STRING "pinot 1.05"
#define PACKAGE_BUGREPORT "fabrice.colin@gmail.com"
#define PACKAGE_URL ""
#define PACKAGE "pinot"
#define VERSION "1.05"
#define STDC_HEADERS 1
#define HAVE_SYS_TYPES_H 1
#define HAVE_SYS_STAT_H 1
#define HAVE_STDLIB_H 1
#define HAVE_STRING_H 1
#define HAVE_MEMORY_H 1
#define HAVE_STRINGS_H 1
#define HAVE_INTTYPES_H 1
#define HAVE_STDINT_H 1
#define HAVE_UNISTD_H 1
#define HAVE_DLFCN_H 1
#define LT_OBJDIR ".libs/"
#define PINOT_INDEX_MIN_VERSION "0.92"
#define GETTEXT_PACKAGE "pinot"
#define HAVE_LOCALE_H 1
#define HAVE_LC_MESSAGES 1
#define HAVE_BIND_TEXTDOMAIN_CODESET 1
#define HAVE_GETTEXT 1
#define HAVE_DCGETTEXT 1
#define ENABLE_NLS 1
#define PACKAGE_LOCALE_DIR "/home/Pinot/.App/ioPinot1.05-Debian7/Linux-ia32/share/locale"
#define PREFIX "/home/Pinot/.App/ioPinot1.05-Debian7/Linux-ia32"
#define SYSCONFDIR "/home/Pinot/.App/ioPinot1.05-Debian7/Linux-ia32/etc"
#define LIBDIR "/home/Pinot/.App/ioPinot1.05-Debian7/Linux-ia32/lib"
#define DBUS_SERVICES_DIR "${prefix}/share/dbus-1/services"
#define DBUS_NUM_VERSION 1006008
#define XAPIAN_NUM_VERSION 1002012
#define HAVE_SYS_INOTIFY_H 1
#define HAVE_BOOST_SPIRIT_CORE_HPP 1
#define HAVE_EXT_MALLOC_ALLOCATOR_H 1
#define HAVE_LIBEXTTEXTCAT_TEXTCAT_H 1
#define HAVE_SYS_VFS_H 1
#define HAVE_SYS_STATFS_H 1
#define HAVE_SYS_MOUNT_H 1
#define HAVE_SYS_STATVFS_H 1
#define HAVE_ATTR_XATTR_H 1
#define HAVE_DLFCN_H 1
#define HAVE_REGEX_H 1
#define HAVE_FNMATCH_H 1
#define HAVE_PWD_H 1
#define SHARED_MIME_INFO_PREFIX "/usr"
#define HAVE_FORK 1
#define HAVE_GETLOADAVG 1
#define HAVE_GETTIMEOFDAY 1
#define HAVE_GMTIME_R 1
#define HAVE_KILL 1
#define HAVE_LOCALTIME_R 1
#define HAVE_LSTAT 1
#define HAVE_MADVISE 1
#define HAVE_MALLINFO 1
#define HAVE_MALLOC_TRIM 1
#define HAVE_MKSTEMP 1
#define HAVE_MMAP 1
#define HAVE_PIPE 1
#define HAVE_SETRLIMIT 1
#define HAVE_SIGACTION 1
#define HAVE_SOCKETPAIR 1
#define HAVE_STATFS 1
#define HAVE_STATVFS 1
#define HAVE_STRPTIME 1
#define HAVE_SYSCONF 1
#define HAVE_TIMEGM 1
#define HAVE_VSNPRINTF 1

configure: exit 0
